Starting solution of the Linear programming relaxation problem using Primal Simplex

Coin0506I Presolve 43171 (-43120) rows, 1275 (0) columns and 88790 (-86240) elements
Clp0030I 46 infeas 0.098816451, obj 1029.341 - mu 6.9587255e-05, its 105, 162 interior
Clp1000I sum of infeasibilities 3.56279e-05 - average 8.25275e-10, 994 fixed columns
Coin0506I Presolve 1774 (-41397) rows, 281 (-994) columns and 4008 (-84782) elements
Clp0006I 0  Obj 1031.1485 Primal inf 3.3961244e-06 (7) Dual inf 2.1000001e+09 (271)
Clp0029I End of values pass after 281 iterations
Clp0014I Perturbing problem by 0.001% of 1 - largest nonzero change 2.982246e-05 ( 0.001491123%) - largest zero change 2.9394864e-05
Clp0000I Optimal - objective value 1024.9104
Clp0000I Optimal - objective value 1024.9104
Coin0511I After Postsolve, objective 1024.9104, infeasibilities - dual 0 (0), primal 0 (0)
Clp0006I 0  Obj 1024.9104
Clp0000I Optimal - objective value 1024.9104
Clp0000I Optimal - objective value 1024.9104
Clp0000I Optimal - objective value 1024.9104
Coin0511I After Postsolve, objective 1024.9104, infeasibilities - dual 0 (0), primal 0 (0)
Clp0032I Optimal objective 1024.910365 - 0 iterations time 1.202, Presolve 0.07, Idiot 1.12

Starting MIP optimization
Cbc0045I MIPStart provided solution with cost 1233.06
Cbc0012I Integer solution of 1233.0561 found by Reduced search after 0 iterations and 0 nodes (0.28 seconds)
Cbc0013I At root node, 0 cuts changed objective from 1024.9104 to 1024.9104 in 1 passes
Cbc0014I Cut generator 0 (LazyConstraints) - 0 row cuts average 0.0 elements, 0 column cuts (0 active)  in 0.014 seconds - new frequency is 1
Cbc0014I Cut generator 1 (Probing) - 0 row cuts average 0.0 elements, 0 column cuts (0 active)  in 0.000 seconds - new frequency is -100
Cbc0014I Cut generator 2 (Gomory) - 0 row cuts average 0.0 elements, 0 column cuts (0 active)  in 0.000 seconds - new frequency is -100
Cbc0014I Cut generator 3 (Knapsack) - 0 row cuts average 0.0 elements, 0 column cuts (0 active)  in 0.000 seconds - new frequency is -100
Cbc0014I Cut generator 4 (MixedIntegerRounding2) - 0 row cuts average 0.0 elements, 0 column cuts (0 active)  in 0.000 seconds - new frequency is -100
Cbc0014I Cut generator 5 (FlowCover) - 0 row cuts average 0.0 elements, 0 column cuts (0 active)  in 0.000 seconds - new frequency is -100
Cbc0014I Cut generator 6 (TwoMirCuts) - 0 row cuts average 0.0 elements, 0 column cuts (0 active)  in 0.000 seconds - new frequency is -100
Cbc0014I Cut generator 7 (ZeroHalf) - 0 row cuts average 0.0 elements, 0 column cuts (0 active)  in 0.000 seconds - new frequency is -100
Cbc0010I After 3 nodes, 4 on tree, 1233.0561 best solution, best possible 1024.9104 (1.39 seconds)
Cbc0010I After 6 nodes, 7 on tree, 1233.0561 best solution, best possible 1024.9104 (2.16 seconds)
Cbc0010I After 10 nodes, 9 on tree, 1233.0561 best solution, best possible 1024.9104 (2.95 seconds)
Cbc0010I After 14 nodes, 10 on tree, 1233.0561 best solution, best possible 1024.9104 (3.67 seconds)
Cbc0010I After 18 nodes, 12 on tree, 1233.0561 best solution, best possible 1024.9104 (4.60 seconds)
Cbc0010I After 22 nodes, 13 on tree, 1233.0561 best solution, best possible 1024.9104 (5.38 seconds)
Cbc0010I After 27 nodes, 17 on tree, 1233.0561 best solution, best possible 1024.9104 (6.37 seconds)
Cbc0010I After 37 nodes, 19 on tree, 1233.0561 best solution, best possible 1024.9104 (7.11 seconds)
Cbc0010I After 48 nodes, 17 on tree, 1233.0561 best solution, best possible 1024.9104 (7.91 seconds)
Cbc0010I After 61 nodes, 20 on tree, 1233.0561 best solution, best possible 1024.9104 (8.63 seconds)
Cbc0010I After 78 nodes, 19 on tree, 1233.0561 best solution, best possible 1024.9104 (9.33 seconds)
Cbc0010I After 96 nodes, 17 on tree, 1233.0561 best solution, best possible 1024.9104 (10.10 seconds)
Cbc0010I After 105 nodes, 19 on tree, 1233.0561 best solution, best possible 1024.9104 (10.93 seconds)
Cbc0010I After 114 nodes, 22 on tree, 1233.0561 best solution, best possible 1024.9104 (11.70 seconds)
Cbc0010I After 122 nodes, 26 on tree, 1233.0561 best solution, best possible 1024.9104 (12.51 seconds)
Cbc0010I After 134 nodes, 26 on tree, 1233.0561 best solution, best possible 1024.9104 (13.26 seconds)
Cbc0010I After 145 nodes, 25 on tree, 1233.0561 best solution, best possible 1024.9104 (14.01 seconds)
Cbc0010I After 154 nodes, 20 on tree, 1233.0561 best solution, best possible 1024.9104 (14.99 seconds)
Cbc0010I After 164 nodes, 19 on tree, 1233.0561 best solution, best possible 1024.9104 (15.98 seconds)
Cbc0010I After 169 nodes, 22 on tree, 1233.0561 best solution, best possible 1024.9104 (16.75 seconds)
Cbc0010I After 180 nodes, 24 on tree, 1233.0561 best solution, best possible 1024.9104 (17.52 seconds)
Cbc0010I After 192 nodes, 30 on tree, 1233.0561 best solution, best possible 1024.9104 (18.25 seconds)
Cbc0010I After 197 nodes, 29 on tree, 1233.0561 best solution, best possible 1024.9104 (18.97 seconds)
Cbc0010I After 209 nodes, 25 on tree, 1233.0561 best solution, best possible 1024.9104 (19.77 seconds)
Cbc0010I After 221 nodes, 29 on tree, 1233.0561 best solution, best possible 1024.9104 (20.50 seconds)
Cbc0010I After 231 nodes, 25 on tree, 1233.0561 best solution, best possible 1024.9104 (21.39 seconds)
Cbc0010I After 237 nodes, 24 on tree, 1233.0561 best solution, best possible 1024.9104 (22.32 seconds)
Cbc0010I After 247 nodes, 22 on tree, 1233.0561 best solution, best possible 1024.9104 (23.10 seconds)
Cbc0010I After 264 nodes, 22 on tree, 1233.0561 best solution, best possible 1024.9104 (23.88 seconds)
Cbc0010I After 274 nodes, 22 on tree, 1233.0561 best solution, best possible 1024.9104 (24.64 seconds)
Cbc0010I After 291 nodes, 20 on tree, 1233.0561 best solution, best possible 1024.9104 (25.50 seconds)
Cbc0010I After 294 nodes, 22 on tree, 1233.0561 best solution, best possible 1024.9104 (26.58 seconds)
Cbc0010I After 300 nodes, 25 on tree, 1233.0561 best solution, best possible 1024.9104 (27.32 seconds)
Cbc0010I After 307 nodes, 29 on tree, 1233.0561 best solution, best possible 1024.9104 (28.06 seconds)
Cbc0010I After 316 nodes, 32 on tree, 1233.0561 best solution, best possible 1024.9104 (28.77 seconds)
Cbc0010I After 321 nodes, 33 on tree, 1233.0561 best solution, best possible 1024.9104 (29.49 seconds)
Cbc0010I After 328 nodes, 35 on tree, 1233.0561 best solution, best possible 1024.9104 (30.22 seconds)
Cbc0010I After 336 nodes, 37 on tree, 1233.0561 best solution, best possible 1024.9104 (31.00 seconds)
Cbc0010I After 345 nodes, 37 on tree, 1233.0561 best solution, best possible 1024.9104 (31.71 seconds)
Cbc0010I After 357 nodes, 40 on tree, 1233.0561 best solution, best possible 1024.9104 (32.54 seconds)
Cbc0010I After 366 nodes, 39 on tree, 1233.0561 best solution, best possible 1024.9104 (33.37 seconds)
Cbc0010I After 389 nodes, 41 on tree, 1233.0561 best solution, best possible 1024.9104 (34.10 seconds)
Cbc0010I After 402 nodes, 39 on tree, 1233.0561 best solution, best possible 1024.9104 (34.85 seconds)
Cbc0010I After 420 nodes, 40 on tree, 1233.0561 best solution, best possible 1024.9104 (35.66 seconds)
Cbc0010I After 432 nodes, 38 on tree, 1233.0561 best solution, best possible 1024.9104 (36.36 seconds)
Cbc0010I After 442 nodes, 41 on tree, 1233.0561 best solution, best possible 1024.9104 (37.12 seconds)
Cbc0010I After 450 nodes, 45 on tree, 1233.0561 best solution, best possible 1024.9104 (37.82 seconds)
Cbc0010I After 455 nodes, 48 on tree, 1233.0561 best solution, best possible 1024.9104 (38.52 seconds)
Cbc0010I After 463 nodes, 48 on tree, 1233.0561 best solution, best possible 1024.9104 (39.34 seconds)
Cbc0010I After 473 nodes, 48 on tree, 1233.0561 best solution, best possible 1024.9104 (40.22 seconds)
Cbc0010I After 481 nodes, 50 on tree, 1233.0561 best solution, best possible 1024.9104 (40.93 seconds)
Cbc0010I After 492 nodes, 48 on tree, 1233.0561 best solution, best possible 1024.9104 (41.73 seconds)
Cbc0010I After 499 nodes, 50 on tree, 1233.0561 best solution, best possible 1024.9104 (42.45 seconds)
Cbc0010I After 508 nodes, 53 on tree, 1233.0561 best solution, best possible 1024.9104 (43.20 seconds)
Cbc0010I After 516 nodes, 58 on tree, 1233.0561 best solution, best possible 1024.9104 (44.00 seconds)
Cbc0010I After 531 nodes, 58 on tree, 1233.0561 best solution, best possible 1024.9104 (44.73 seconds)
Cbc0010I After 545 nodes, 56 on tree, 1233.0561 best solution, best possible 1024.9104 (45.45 seconds)
Cbc0010I After 552 nodes, 56 on tree, 1233.0561 best solution, best possible 1024.9104 (46.17 seconds)
Cbc0010I After 564 nodes, 57 on tree, 1233.0561 best solution, best possible 1024.9104 (46.91 seconds)
Cbc0010I After 578 nodes, 55 on tree, 1233.0561 best solution, best possible 1024.9104 (47.67 seconds)
Cbc0010I After 597 nodes, 50 on tree, 1233.0561 best solution, best possible 1024.9104 (48.44 seconds)
Cbc0010I After 610 nodes, 47 on tree, 1233.0561 best solution, best possible 1024.9104 (49.14 seconds)
Cbc0010I After 623 nodes, 47 on tree, 1233.0561 best solution, best possible 1024.9104 (49.84 seconds)
Cbc0010I After 641 nodes, 44 on tree, 1233.0561 best solution, best possible 1024.9104 (50.55 seconds)
Cbc0010I After 656 nodes, 40 on tree, 1233.0561 best solution, best possible 1024.9104 (51.26 seconds)
Cbc0010I After 665 nodes, 43 on tree, 1233.0561 best solution, best possible 1024.9104 (52.06 seconds)
Cbc0010I After 676 nodes, 43 on tree, 1233.0561 best solution, best possible 1024.9104 (52.79 seconds)
Cbc0010I After 688 nodes, 45 on tree, 1233.0561 best solution, best possible 1024.9104 (53.56 seconds)
Cbc0010I After 702 nodes, 47 on tree, 1233.0561 best solution, best possible 1024.9104 (54.26 seconds)
Cbc0010I After 719 nodes, 43 on tree, 1233.0561 best solution, best possible 1024.9104 (54.97 seconds)
Cbc0010I After 736 nodes, 40 on tree, 1233.0561 best solution, best possible 1024.9104 (55.82 seconds)
Cbc0010I After 742 nodes, 44 on tree, 1233.0561 best solution, best possible 1024.9104 (56.57 seconds)
Cbc0010I After 747 nodes, 43 on tree, 1233.0561 best solution, best possible 1024.9104 (57.45 seconds)
Cbc0010I After 754 nodes, 48 on tree, 1233.0561 best solution, best possible 1024.9104 (58.25 seconds)
Cbc0010I After 759 nodes, 51 on tree, 1233.0561 best solution, best possible 1024.9104 (59.10 seconds)
Cbc0010I After 764 nodes, 51 on tree, 1233.0561 best solution, best possible 1024.9104 (59.91 seconds)
Cbc0010I After 769 nodes, 51 on tree, 1233.0561 best solution, best possible 1024.9104 (60.76 seconds)
Cbc0010I After 787 nodes, 53 on tree, 1233.0561 best solution, best possible 1024.9104 (61.50 seconds)
Cbc0010I After 807 nodes, 49 on tree, 1233.0561 best solution, best possible 1024.9104 (62.35 seconds)
Cbc0010I After 814 nodes, 52 on tree, 1233.0561 best solution, best possible 1024.9104 (63.27 seconds)
Cbc0010I After 820 nodes, 55 on tree, 1233.0561 best solution, best possible 1024.9104 (64.09 seconds)
Cbc0010I After 833 nodes, 56 on tree, 1233.0561 best solution, best possible 1024.9104 (64.80 seconds)
Cbc0010I After 842 nodes, 55 on tree, 1233.0561 best solution, best possible 1024.9104 (65.53 seconds)
Cbc0010I After 853 nodes, 58 on tree, 1233.0561 best solution, best possible 1024.9104 (66.31 seconds)
Cbc0010I After 864 nodes, 58 on tree, 1233.0561 best solution, best possible 1024.9104 (67.08 seconds)
Cbc0010I After 882 nodes, 53 on tree, 1233.0561 best solution, best possible 1024.9104 (67.79 seconds)
Cbc0010I After 896 nodes, 53 on tree, 1233.0561 best solution, best possible 1024.9104 (68.51 seconds)
Cbc0010I After 907 nodes, 57 on tree, 1233.0561 best solution, best possible 1024.9104 (69.24 seconds)
Cbc0010I After 924 nodes, 55 on tree, 1233.0561 best solution, best possible 1024.9104 (69.94 seconds)
Cbc0010I After 934 nodes, 57 on tree, 1233.0561 best solution, best possible 1024.9104 (70.67 seconds)
Cbc0010I After 945 nodes, 57 on tree, 1233.0561 best solution, best possible 1024.9104 (71.54 seconds)
Cbc0010I After 952 nodes, 55 on tree, 1233.0561 best solution, best possible 1024.9104 (72.28 seconds)
Cbc0010I After 970 nodes, 51 on tree, 1233.0561 best solution, best possible 1024.9104 (73.07 seconds)
Cbc0010I After 978 nodes, 54 on tree, 1233.0561 best solution, best possible 1024.9104 (73.79 seconds)
Cbc0010I After 991 nodes, 54 on tree, 1233.0561 best solution, best possible 1024.9104 (74.53 seconds)
Cbc0010I After 1000 nodes, 56 on tree, 1233.0561 best solution, best possible 1024.9104 (75.25 seconds)
Cbc0010I After 1004 nodes, 59 on tree, 1233.0561 best solution, best possible 1036.7438 (75.98 seconds)
Cbc0010I After 1010 nodes, 65 on tree, 1233.0561 best solution, best possible 1036.7438 (76.77 seconds)
Cbc0010I After 1016 nodes, 71 on tree, 1233.0561 best solution, best possible 1036.7438 (77.50 seconds)
Cbc0010I After 1027 nodes, 82 on tree, 1233.0561 best solution, best possible 1036.7438 (78.24 seconds)
Cbc0010I After 1040 nodes, 95 on tree, 1233.0561 best solution, best possible 1036.7438 (78.99 seconds)
Cbc0010I After 1056 nodes, 98 on tree, 1233.0561 best solution, best possible 1036.7438 (79.72 seconds)
Cbc0010I After 1075 nodes, 97 on tree, 1233.0561 best solution, best possible 1036.7438 (80.44 seconds)
Cbc0010I After 1093 nodes, 96 on tree, 1233.0561 best solution, best possible 1036.7438 (81.19 seconds)
Cbc0010I After 1108 nodes, 97 on tree, 1233.0561 best solution, best possible 1036.7438 (81.94 seconds)
Cbc0010I After 1131 nodes, 91 on tree, 1233.0561 best solution, best possible 1036.7438 (82.66 seconds)
Cbc0010I After 1143 nodes, 88 on tree, 1233.0561 best solution, best possible 1036.7438 (83.48 seconds)
Cbc0010I After 1159 nodes, 86 on tree, 1233.0561 best solution, best possible 1036.7438 (84.18 seconds)
Cbc0010I After 1174 nodes, 91 on tree, 1233.0561 best solution, best possible 1036.7438 (84.89 seconds)
Cbc0010I After 1186 nodes, 103 on tree, 1233.0561 best solution, best possible 1036.7438 (85.61 seconds)
Cbc0004I Integer solution of 1229.5496 found after 168591 iterations and 1187 nodes (85.87 seconds)
Cbc0010I After 1200 nodes, 96 on tree, 1229.5496 best solution, best possible 1036.7438 (86.39 seconds)
Cbc0010I After 1206 nodes, 99 on tree, 1229.5496 best solution, best possible 1036.7438 (87.12 seconds)
Cbc0010I After 1213 nodes, 103 on tree, 1229.5496 best solution, best possible 1036.7438 (87.90 seconds)
Cbc0010I After 1221 nodes, 105 on tree, 1229.5496 best solution, best possible 1036.7438 (88.65 seconds)
Cbc0010I After 1231 nodes, 110 on tree, 1229.5496 best solution, best possible 1036.7438 (89.39 seconds)
Cbc0010I After 1240 nodes, 115 on tree, 1229.5496 best solution, best possible 1036.7438 (90.16 seconds)
Cbc0010I After 1246 nodes, 118 on tree, 1229.5496 best solution, best possible 1036.7438 (90.93 seconds)
Cbc0010I After 1253 nodes, 120 on tree, 1229.5496 best solution, best possible 1036.7438 (91.64 seconds)
Cbc0010I After 1261 nodes, 123 on tree, 1229.5496 best solution, best possible 1036.7438 (92.48 seconds)
Cbc0010I After 1271 nodes, 125 on tree, 1229.5496 best solution, best possible 1036.7438 (93.20 seconds)
Cbc0010I After 1281 nodes, 128 on tree, 1229.5496 best solution, best possible 1036.7438 (93.91 seconds)
Cbc0010I After 1291 nodes, 132 on tree, 1229.5496 best solution, best possible 1036.7438 (94.62 seconds)
Cbc0010I After 1299 nodes, 135 on tree, 1229.5496 best solution, best possible 1036.7438 (95.37 seconds)
Cbc0010I After 1306 nodes, 136 on tree, 1229.5496 best solution, best possible 1036.7438 (96.08 seconds)
Cbc0010I After 1318 nodes, 140 on tree, 1229.5496 best solution, best possible 1036.7438 (96.85 seconds)
Cbc0010I After 1329 nodes, 146 on tree, 1229.5496 best solution, best possible 1036.7438 (97.68 seconds)
Cbc0010I After 1341 nodes, 149 on tree, 1229.5496 best solution, best possible 1036.7438 (98.42 seconds)
Cbc0010I After 1351 nodes, 150 on tree, 1229.5496 best solution, best possible 1036.7438 (99.12 seconds)
Cbc0010I After 1359 nodes, 153 on tree, 1229.5496 best solution, best possible 1036.7438 (99.84 seconds)
Cbc0010I After 1366 nodes, 154 on tree, 1229.5496 best solution, best possible 1036.7438 (100.55 seconds)
Cbc0010I After 1372 nodes, 158 on tree, 1229.5496 best solution, best possible 1036.7438 (101.25 seconds)
Cbc0010I After 1380 nodes, 162 on tree, 1229.5496 best solution, best possible 1036.7438 (101.95 seconds)
Cbc0010I After 1393 nodes, 162 on tree, 1229.5496 best solution, best possible 1036.7438 (102.78 seconds)
Cbc0010I After 1398 nodes, 164 on tree, 1229.5496 best solution, best possible 1036.7438 (103.53 seconds)
Cbc0010I After 1404 nodes, 167 on tree, 1229.5496 best solution, best possible 1036.7438 (104.42 seconds)
Cbc0010I After 1420 nodes, 169 on tree, 1229.5496 best solution, best possible 1036.7438 (105.19 seconds)
Cbc0010I After 1428 nodes, 173 on tree, 1229.5496 best solution, best possible 1036.7438 (105.94 seconds)
Cbc0010I After 1442 nodes, 174 on tree, 1229.5496 best solution, best possible 1036.7438 (106.66 seconds)
Cbc0010I After 1459 nodes, 176 on tree, 1229.5496 best solution, best possible 1036.7438 (107.46 seconds)
Cbc0010I After 1468 nodes, 181 on tree, 1229.5496 best solution, best possible 1036.7438 (108.24 seconds)
Cbc0010I After 1481 nodes, 187 on tree, 1229.5496 best solution, best possible 1036.7438 (108.99 seconds)
Cbc0010I After 1494 nodes, 188 on tree, 1229.5496 best solution, best possible 1036.7438 (109.73 seconds)
Cbc0010I After 1503 nodes, 191 on tree, 1229.5496 best solution, best possible 1036.7438 (110.48 seconds)
Cbc0010I After 1511 nodes, 194 on tree, 1229.5496 best solution, best possible 1036.7438 (111.18 seconds)
Cbc0010I After 1521 nodes, 193 on tree, 1229.5496 best solution, best possible 1036.7438 (111.89 seconds)
Cbc0010I After 1531 nodes, 196 on tree, 1229.5496 best solution, best possible 1036.7438 (112.59 seconds)
Cbc0010I After 1545 nodes, 197 on tree, 1229.5496 best solution, best possible 1036.7438 (113.38 seconds)
Cbc0010I After 1553 nodes, 201 on tree, 1229.5496 best solution, best possible 1036.7438 (114.14 seconds)
Cbc0010I After 1560 nodes, 205 on tree, 1229.5496 best solution, best possible 1036.7438 (114.93 seconds)
Cbc0010I After 1568 nodes, 208 on tree, 1229.5496 best solution, best possible 1036.7438 (115.64 seconds)
Cbc0010I After 1576 nodes, 212 on tree, 1229.5496 best solution, best possible 1036.7438 (116.36 seconds)
Cbc0010I After 1588 nodes, 219 on tree, 1229.5496 best solution, best possible 1036.7438 (117.10 seconds)
Cbc0010I After 1598 nodes, 221 on tree, 1229.5496 best solution, best possible 1036.7438 (117.81 seconds)
Cbc0010I After 1604 nodes, 223 on tree, 1229.5496 best solution, best possible 1036.7438 (118.53 seconds)
Cbc0010I After 1614 nodes, 224 on tree, 1229.5496 best solution, best possible 1036.7438 (119.27 seconds)
Cbc0010I After 1624 nodes, 227 on tree, 1229.5496 best solution, best possible 1036.7438 (119.98 seconds)
Cbc0010I After 1635 nodes, 230 on tree, 1229.5496 best solution, best possible 1036.7438 (120.88 seconds)
Cbc0010I After 1648 nodes, 233 on tree, 1229.5496 best solution, best possible 1036.7438 (121.69 seconds)
Cbc0010I After 1661 nodes, 232 on tree, 1229.5496 best solution, best possible 1036.7438 (122.39 seconds)
Cbc0010I After 1669 nodes, 234 on tree, 1229.5496 best solution, best possible 1036.7438 (123.17 seconds)
Cbc0010I After 1680 nodes, 235 on tree, 1229.5496 best solution, best possible 1036.7438 (123.92 seconds)
Cbc0010I After 1690 nodes, 235 on tree, 1229.5496 best solution, best possible 1036.7438 (124.62 seconds)
Cbc0010I After 1704 nodes, 235 on tree, 1229.5496 best solution, best possible 1036.7438 (125.37 seconds)
Cbc0010I After 1716 nodes, 235 on tree, 1229.5496 best solution, best possible 1036.7438 (126.09 seconds)
Cbc0010I After 1734 nodes, 232 on tree, 1229.5496 best solution, best possible 1036.7438 (126.83 seconds)
Cbc0010I After 1743 nodes, 236 on tree, 1229.5496 best solution, best possible 1036.7438 (127.61 seconds)
Cbc0010I After 1753 nodes, 242 on tree, 1229.5496 best solution, best possible 1036.7438 (128.35 seconds)
Cbc0010I After 1764 nodes, 246 on tree, 1229.5496 best solution, best possible 1036.7438 (129.13 seconds)
Cbc0010I After 1782 nodes, 246 on tree, 1229.5496 best solution, best possible 1036.7438 (129.85 seconds)
Cbc0010I After 1791 nodes, 248 on tree, 1229.5496 best solution, best possible 1036.7438 (130.61 seconds)
Cbc0010I After 1804 nodes, 250 on tree, 1229.5496 best solution, best possible 1036.7438 (131.44 seconds)
Cbc0010I After 1812 nodes, 252 on tree, 1229.5496 best solution, best possible 1036.7438 (132.15 seconds)
Cbc0010I After 1821 nodes, 257 on tree, 1229.5496 best solution, best possible 1036.7438 (132.93 seconds)
Cbc0010I After 1833 nodes, 258 on tree, 1229.5496 best solution, best possible 1036.7438 (133.70 seconds)
Cbc0010I After 1845 nodes, 260 on tree, 1229.5496 best solution, best possible 1036.7438 (134.47 seconds)
Cbc0010I After 1856 nodes, 263 on tree, 1229.5496 best solution, best possible 1036.7438 (135.18 seconds)
Cbc0010I After 1879 nodes, 260 on tree, 1229.5496 best solution, best possible 1036.7438 (135.92 seconds)
Cbc0010I After 1888 nodes, 265 on tree, 1229.5496 best solution, best possible 1036.7438 (136.65 seconds)
Cbc0010I After 1900 nodes, 264 on tree, 1229.5496 best solution, best possible 1036.7438 (137.35 seconds)
Cbc0010I After 1914 nodes, 266 on tree, 1229.5496 best solution, best possible 1036.7438 (138.08 seconds)
Cbc0010I After 1927 nodes, 269 on tree, 1229.5496 best solution, best possible 1036.7438 (138.96 seconds)
Cbc0010I After 1944 nodes, 269 on tree, 1229.5496 best solution, best possible 1036.7438 (139.77 seconds)
Cbc0010I After 1957 nodes, 269 on tree, 1229.5496 best solution, best possible 1036.7438 (140.54 seconds)
Cbc0010I After 1965 nodes, 271 on tree, 1229.5496 best solution, best possible 1036.7438 (141.34 seconds)
Cbc0010I After 1973 nodes, 274 on tree, 1229.5496 best solution, best possible 1036.7438 (142.05 seconds)
Cbc0010I After 1983 nodes, 273 on tree, 1229.5496 best solution, best possible 1036.7438 (142.76 seconds)
Cbc0010I After 1994 nodes, 276 on tree, 1229.5496 best solution, best possible 1036.7438 (143.50 seconds)
Cbc0010I After 2005 nodes, 273 on tree, 1229.5496 best solution, best possible 1036.7438 (144.27 seconds)
Cbc0010I After 2018 nodes, 275 on tree, 1229.5496 best solution, best possible 1036.7438 (144.97 seconds)
Cbc0010I After 2027 nodes, 277 on tree, 1229.5496 best solution, best possible 1036.7438 (145.71 seconds)
Cbc0010I After 2045 nodes, 275 on tree, 1229.5496 best solution, best possible 1036.7438 (146.48 seconds)
Cbc0010I After 2058 nodes, 275 on tree, 1229.5496 best solution, best possible 1036.7438 (147.21 seconds)
Cbc0010I After 2067 nodes, 276 on tree, 1229.5496 best solution, best possible 1036.7438 (147.93 seconds)
Cbc0010I After 2075 nodes, 279 on tree, 1229.5496 best solution, best possible 1036.7438 (148.67 seconds)
Cbc0010I After 2088 nodes, 281 on tree, 1229.5496 best solution, best possible 1036.7438 (149.39 seconds)
Cbc0010I After 2097 nodes, 284 on tree, 1229.5496 best solution, best possible 1036.7438 (150.11 seconds)
Cbc0010I After 2110 nodes, 285 on tree, 1229.5496 best solution, best possible 1036.7438 (150.86 seconds)
Cbc0010I After 2122 nodes, 285 on tree, 1229.5496 best solution, best possible 1036.7438 (151.67 seconds)
Cbc0010I After 2130 nodes, 287 on tree, 1229.5496 best solution, best possible 1036.7438 (152.42 seconds)
Cbc0010I After 2137 nodes, 291 on tree, 1229.5496 best solution, best possible 1036.7438 (153.14 seconds)
Cbc0010I After 2160 nodes, 293 on tree, 1229.5496 best solution, best possible 1036.7438 (153.84 seconds)
Cbc0010I After 2183 nodes, 293 on tree, 1229.5496 best solution, best possible 1036.7438 (154.61 seconds)
Cbc0010I After 2194 nodes, 299 on tree, 1229.5496 best solution, best possible 1036.7438 (155.63 seconds)
Cbc0010I After 2211 nodes, 298 on tree, 1229.5496 best solution, best possible 1036.7438 (156.34 seconds)
Cbc0010I After 2220 nodes, 302 on tree, 1229.5496 best solution, best possible 1036.7438 (157.05 seconds)
Cbc0010I After 2235 nodes, 303 on tree, 1229.5496 best solution, best possible 1036.7438 (157.80 seconds)
Cbc0010I After 2251 nodes, 303 on tree, 1229.5496 best solution, best possible 1036.7438 (158.67 seconds)
Cbc0010I After 2262 nodes, 305 on tree, 1229.5496 best solution, best possible 1036.7438 (159.51 seconds)
Cbc0010I After 2274 nodes, 308 on tree, 1229.5496 best solution, best possible 1036.7438 (160.22 seconds)
Cbc0010I After 2294 nodes, 303 on tree, 1229.5496 best solution, best possible 1036.7438 (160.96 seconds)
Cbc0010I After 2304 nodes, 306 on tree, 1229.5496 best solution, best possible 1036.7438 (161.68 seconds)
Cbc0010I After 2318 nodes, 306 on tree, 1229.5496 best solution, best possible 1036.7438 (162.46 seconds)
Cbc0010I After 2333 nodes, 305 on tree, 1229.5496 best solution, best possible 1036.7438 (163.16 seconds)
Cbc0010I After 2349 nodes, 305 on tree, 1229.5496 best solution, best possible 1036.7438 (164.03 seconds)
Cbc0010I After 2360 nodes, 309 on tree, 1229.5496 best solution, best possible 1036.7438 (164.86 seconds)
Cbc0010I After 2370 nodes, 314 on tree, 1229.5496 best solution, best possible 1036.7438 (165.64 seconds)
Cbc0010I After 2390 nodes, 318 on tree, 1229.5496 best solution, best possible 1036.7438 (166.34 seconds)
Cbc0010I After 2409 nodes, 316 on tree, 1229.5496 best solution, best possible 1036.7438 (167.09 seconds)
Cbc0010I After 2433 nodes, 318 on tree, 1229.5496 best solution, best possible 1036.7438 (167.82 seconds)
Cbc0010I After 2453 nodes, 317 on tree, 1229.5496 best solution, best possible 1036.7438 (168.64 seconds)
Cbc0010I After 2459 nodes, 320 on tree, 1229.5496 best solution, best possible 1036.7438 (169.36 seconds)
Cbc0010I After 2466 nodes, 321 on tree, 1229.5496 best solution, best possible 1036.7438 (170.09 seconds)
Cbc0010I After 2484 nodes, 325 on tree, 1229.5496 best solution, best possible 1036.7438 (170.88 seconds)
Cbc0010I After 2504 nodes, 323 on tree, 1229.5496 best solution, best possible 1036.7438 (171.64 seconds)
Cbc0010I After 2520 nodes, 323 on tree, 1229.5496 best solution, best possible 1036.7438 (172.35 seconds)
Cbc0010I After 2528 nodes, 325 on tree, 1229.5496 best solution, best possible 1036.7438 (173.08 seconds)
Cbc0010I After 2545 nodes, 323 on tree, 1229.5496 best solution, best possible 1036.7438 (173.80 seconds)
Cbc0010I After 2554 nodes, 325 on tree, 1229.5496 best solution, best possible 1036.7438 (174.52 seconds)
Cbc0010I After 2567 nodes, 327 on tree, 1229.5496 best solution, best possible 1036.7438 (175.26 seconds)
Cbc0010I After 2587 nodes, 328 on tree, 1229.5496 best solution, best possible 1036.7438 (176.01 seconds)
Cbc0010I After 2593 nodes, 332 on tree, 1229.5496 best solution, best possible 1036.7438 (176.80 seconds)
Cbc0010I After 2601 nodes, 334 on tree, 1229.5496 best solution, best possible 1036.7438 (177.52 seconds)
Cbc0010I After 2611 nodes, 337 on tree, 1229.5496 best solution, best possible 1036.7438 (178.31 seconds)
Cbc0010I After 2628 nodes, 334 on tree, 1229.5496 best solution, best possible 1036.7438 (179.02 seconds)
Cbc0010I After 2660 nodes, 331 on tree, 1229.5496 best solution, best possible 1036.7438 (179.77 seconds)
Cbc0010I After 2674 nodes, 329 on tree, 1229.5496 best solution, best possible 1036.7438 (180.47 seconds)
Cbc0010I After 2685 nodes, 331 on tree, 1229.5496 best solution, best possible 1036.7438 (181.22 seconds)
Cbc0010I After 2702 nodes, 333 on tree, 1229.5496 best solution, best possible 1036.7438 (181.93 seconds)
Cbc0010I After 2724 nodes, 331 on tree, 1229.5496 best solution, best possible 1036.7438 (182.63 seconds)
Cbc0010I After 2747 nodes, 332 on tree, 1229.5496 best solution, best possible 1036.7438 (183.37 seconds)
Cbc0010I After 2756 nodes, 335 on tree, 1229.5496 best solution, best possible 1036.7438 (184.11 seconds)
Cbc0010I After 2767 nodes, 338 on tree, 1229.5496 best solution, best possible 1036.7438 (184.86 seconds)
Cbc0010I After 2782 nodes, 338 on tree, 1229.5496 best solution, best possible 1036.7438 (185.64 seconds)
Cbc0010I After 2789 nodes, 338 on tree, 1229.5496 best solution, best possible 1036.7438 (186.34 seconds)
Cbc0010I After 2807 nodes, 342 on tree, 1229.5496 best solution, best possible 1036.7438 (187.05 seconds)
Cbc0010I After 2828 nodes, 338 on tree, 1229.5496 best solution, best possible 1036.7438 (187.82 seconds)
Cbc0010I After 2844 nodes, 341 on tree, 1229.5496 best solution, best possible 1036.7438 (188.59 seconds)
Cbc0010I After 2857 nodes, 339 on tree, 1229.5496 best solution, best possible 1036.7438 (189.38 seconds)
Cbc0010I After 2872 nodes, 341 on tree, 1229.5496 best solution, best possible 1036.7438 (190.11 seconds)
Cbc0010I After 2887 nodes, 342 on tree, 1229.5496 best solution, best possible 1036.7438 (190.88 seconds)
Cbc0010I After 2896 nodes, 344 on tree, 1229.5496 best solution, best possible 1036.7438 (191.59 seconds)
Cbc0010I After 2908 nodes, 345 on tree, 1229.5496 best solution, best possible 1036.7438 (192.29 seconds)
Cbc0010I After 2927 nodes, 343 on tree, 1229.5496 best solution, best possible 1036.7438 (193.03 seconds)
Cbc0010I After 2945 nodes, 342 on tree, 1229.5496 best solution, best possible 1036.7438 (193.73 seconds)
Cbc0010I After 2956 nodes, 341 on tree, 1229.5496 best solution, best possible 1036.7438 (194.44 seconds)
Cbc0010I After 2972 nodes, 344 on tree, 1229.5496 best solution, best possible 1036.7438 (195.15 seconds)
Cbc0010I After 2991 nodes, 341 on tree, 1229.5496 best solution, best possible 1036.7438 (195.88 seconds)
Cbc0010I After 3006 nodes, 341 on tree, 1229.5496 best solution, best possible 1036.7438 (196.61 seconds)
Cbc0010I After 3018 nodes, 341 on tree, 1229.5496 best solution, best possible 1036.7438 (197.32 seconds)
Cbc0010I After 3029 nodes, 341 on tree, 1229.5496 best solution, best possible 1036.7438 (198.05 seconds)
Cbc0010I After 3044 nodes, 340 on tree, 1229.5496 best solution, best possible 1036.7438 (198.82 seconds)
Cbc0010I After 3062 nodes, 338 on tree, 1229.5496 best solution, best possible 1036.7438 (199.58 seconds)
Cbc0010I After 3070 nodes, 341 on tree, 1229.5496 best solution, best possible 1036.7438 (200.37 seconds)
Cbc0010I After 3077 nodes, 342 on tree, 1229.5496 best solution, best possible 1036.7438 (201.17 seconds)
Cbc0010I After 3091 nodes, 344 on tree, 1229.5496 best solution, best possible 1036.7438 (201.88 seconds)
Cbc0010I After 3103 nodes, 345 on tree, 1229.5496 best solution, best possible 1036.7438 (202.59 seconds)
Cbc0010I After 3112 nodes, 349 on tree, 1229.5496 best solution, best possible 1036.7438 (203.31 seconds)
Cbc0010I After 3126 nodes, 350 on tree, 1229.5496 best solution, best possible 1036.7438 (204.02 seconds)
Cbc0010I After 3144 nodes, 350 on tree, 1229.5496 best solution, best possible 1036.7438 (204.73 seconds)
Cbc0010I After 3157 nodes, 351 on tree, 1229.5496 best solution, best possible 1036.7438 (205.46 seconds)
Cbc0010I After 3179 nodes, 350 on tree, 1229.5496 best solution, best possible 1036.7438 (206.18 seconds)
Cbc0010I After 3190 nodes, 350 on tree, 1229.5496 best solution, best possible 1036.7438 (206.91 seconds)
Cbc0010I After 3197 nodes, 353 on tree, 1229.5496 best solution, best possible 1036.7438 (207.64 seconds)
Cbc0010I After 3202 nodes, 354 on tree, 1229.5496 best solution, best possible 1036.7438 (208.35 seconds)
Cbc0010I After 3217 nodes, 355 on tree, 1229.5496 best solution, best possible 1036.7438 (209.07 seconds)
Cbc0010I After 3241 nodes, 355 on tree, 1229.5496 best solution, best possible 1036.7438 (209.79 seconds)
Cbc0010I After 3254 nodes, 357 on tree, 1229.5496 best solution, best possible 1036.7438 (210.52 seconds)
Cbc0010I After 3267 nodes, 357 on tree, 1229.5496 best solution, best possible 1036.7438 (211.30 seconds)
Cbc0010I After 3284 nodes, 355 on tree, 1229.5496 best solution, best possible 1036.7438 (212.01 seconds)
Cbc0010I After 3301 nodes, 354 on tree, 1229.5496 best solution, best possible 1036.7438 (212.72 seconds)
Cbc0010I After 3318 nodes, 356 on tree, 1229.5496 best solution, best possible 1036.7438 (213.52 seconds)
Cbc0010I After 3332 nodes, 356 on tree, 1229.5496 best solution, best possible 1036.7438 (214.29 seconds)
Cbc0010I After 3341 nodes, 361 on tree, 1229.5496 best solution, best possible 1036.7438 (215.05 seconds)
Cbc0010I After 3355 nodes, 361 on tree, 1229.5496 best solution, best possible 1036.7438 (215.76 seconds)
Cbc0010I After 3369 nodes, 362 on tree, 1229.5496 best solution, best possible 1036.7438 (216.53 seconds)
Cbc0010I After 3384 nodes, 361 on tree, 1229.5496 best solution, best possible 1036.7438 (217.25 seconds)
Cbc0010I After 3401 nodes, 362 on tree, 1229.5496 best solution, best possible 1036.7438 (217.99 seconds)
Cbc0010I After 3421 nodes, 358 on tree, 1229.5496 best solution, best possible 1036.7438 (218.72 seconds)
Cbc0010I After 3439 nodes, 357 on tree, 1229.5496 best solution, best possible 1036.7438 (219.44 seconds)
Cbc0010I After 3457 nodes, 358 on tree, 1229.5496 best solution, best possible 1036.7438 (220.24 seconds)
Cbc0010I After 3478 nodes, 356 on tree, 1229.5496 best solution, best possible 1036.7438 (220.95 seconds)
Cbc0010I After 3492 nodes, 355 on tree, 1229.5496 best solution, best possible 1036.7438 (221.66 seconds)
Cbc0010I After 3501 nodes, 359 on tree, 1229.5496 best solution, best possible 1036.7438 (222.37 seconds)
Cbc0010I After 3512 nodes, 360 on tree, 1229.5496 best solution, best possible 1036.7438 (223.09 seconds)
Cbc0010I After 3536 nodes, 352 on tree, 1229.5496 best solution, best possible 1036.7438 (223.81 seconds)
Cbc0010I After 3544 nodes, 353 on tree, 1229.5496 best solution, best possible 1036.7438 (224.54 seconds)
Cbc0010I After 3553 nodes, 353 on tree, 1229.5496 best solution, best possible 1036.7438 (225.28 seconds)
Cbc0010I After 3564 nodes, 352 on tree, 1229.5496 best solution, best possible 1036.7438 (226.08 seconds)
Cbc0010I After 3586 nodes, 349 on tree, 1229.5496 best solution, best possible 1036.7438 (226.87 seconds)
Cbc0010I After 3607 nodes, 345 on tree, 1229.5496 best solution, best possible 1036.7438 (227.61 seconds)
Cbc0010I After 3622 nodes, 344 on tree, 1229.5496 best solution, best possible 1036.7438 (228.34 seconds)
Cbc0010I After 3629 nodes, 344 on tree, 1229.5496 best solution, best possible 1036.7438 (229.07 seconds)
Cbc0010I After 3640 nodes, 343 on tree, 1229.5496 best solution, best possible 1036.7438 (229.77 seconds)
Cbc0010I After 3653 nodes, 343 on tree, 1229.5496 best solution, best possible 1036.7438 (230.49 seconds)
Cbc0010I After 3664 nodes, 347 on tree, 1229.5496 best solution, best possible 1036.7438 (231.26 seconds)
Cbc0010I After 3678 nodes, 353 on tree, 1229.5496 best solution, best possible 1036.7438 (231.96 seconds)
Cbc0010I After 3696 nodes, 349 on tree, 1229.5496 best solution, best possible 1036.7438 (232.68 seconds)
Cbc0010I After 3719 nodes, 349 on tree, 1229.5496 best solution, best possible 1036.7438 (233.40 seconds)
Cbc0010I After 3740 nodes, 345 on tree, 1229.5496 best solution, best possible 1036.7438 (234.13 seconds)
Cbc0010I After 3761 nodes, 343 on tree, 1229.5496 best solution, best possible 1036.7438 (234.85 seconds)
Cbc0010I After 3776 nodes, 341 on tree, 1229.5496 best solution, best possible 1036.7438 (235.59 seconds)
Cbc0010I After 3790 nodes, 341 on tree, 1229.5496 best solution, best possible 1036.7438 (236.36 seconds)
Cbc0010I After 3800 nodes, 343 on tree, 1229.5496 best solution, best possible 1036.7438 (237.07 seconds)
Cbc0010I After 3825 nodes, 337 on tree, 1229.5496 best solution, best possible 1036.7438 (238.07 seconds)
Cbc0010I After 3843 nodes, 336 on tree, 1229.5496 best solution, best possible 1036.7438 (238.77 seconds)
Cbc0010I After 3858 nodes, 336 on tree, 1229.5496 best solution, best possible 1036.7438 (239.48 seconds)
Cbc0010I After 3883 nodes, 330 on tree, 1229.5496 best solution, best possible 1036.7438 (240.19 seconds)
Cbc0010I After 3904 nodes, 328 on tree, 1229.5496 best solution, best possible 1036.7438 (240.97 seconds)
Cbc0010I After 3913 nodes, 330 on tree, 1229.5496 best solution, best possible 1036.7438 (241.69 seconds)
Cbc0010I After 3926 nodes, 326 on tree, 1229.5496 best solution, best possible 1036.7438 (242.40 seconds)
Cbc0010I After 3942 nodes, 324 on tree, 1229.5496 best solution, best possible 1036.7438 (243.14 seconds)
Cbc0010I After 3962 nodes, 319 on tree, 1229.5496 best solution, best possible 1036.7438 (243.88 seconds)
Cbc0010I After 3987 nodes, 311 on tree, 1229.5496 best solution, best possible 1036.7438 (244.60 seconds)
Cbc0010I After 4005 nodes, 309 on tree, 1229.5496 best solution, best possible 1036.7438 (245.36 seconds)
Cbc0010I After 4021 nodes, 310 on tree, 1229.5496 best solution, best possible 1036.7438 (246.22 seconds)
Cbc0010I After 4031 nodes, 310 on tree, 1229.5496 best solution, best possible 1036.7438 (246.98 seconds)
Cbc0010I After 4048 nodes, 308 on tree, 1229.5496 best solution, best possible 1036.7438 (247.68 seconds)
Cbc0010I After 4065 nodes, 305 on tree, 1229.5496 best solution, best possible 1036.7438 (248.38 seconds)
Cbc0010I After 4081 nodes, 305 on tree, 1229.5496 best solution, best possible 1036.7438 (249.15 seconds)
Cbc0010I After 4098 nodes, 301 on tree, 1229.5496 best solution, best possible 1036.7438 (249.85 seconds)
Cbc0010I After 4107 nodes, 303 on tree, 1229.5496 best solution, best possible 1036.7438 (250.61 seconds)
Cbc0010I After 4125 nodes, 301 on tree, 1229.5496 best solution, best possible 1036.7438 (251.33 seconds)
Cbc0010I After 4139 nodes, 300 on tree, 1229.5496 best solution, best possible 1036.7438 (252.07 seconds)
Cbc0010I After 4150 nodes, 302 on tree, 1229.5496 best solution, best possible 1036.7438 (252.79 seconds)
Cbc0010I After 4162 nodes, 301 on tree, 1229.5496 best solution, best possible 1036.7438 (253.61 seconds)
Cbc0010I After 4175 nodes, 301 on tree, 1229.5496 best solution, best possible 1036.7438 (254.42 seconds)
Cbc0010I After 4190 nodes, 301 on tree, 1229.5496 best solution, best possible 1036.7438 (255.14 seconds)
Cbc0010I After 4206 nodes, 301 on tree, 1229.5496 best solution, best possible 1036.7438 (255.88 seconds)
Cbc0010I After 4218 nodes, 304 on tree, 1229.5496 best solution, best possible 1036.7438 (256.65 seconds)
Cbc0010I After 4229 nodes, 305 on tree, 1229.5496 best solution, best possible 1036.7438 (257.36 seconds)
Cbc0010I After 4246 nodes, 306 on tree, 1229.5496 best solution, best possible 1036.7438 (258.10 seconds)
Cbc0010I After 4262 nodes, 304 on tree, 1229.5496 best solution, best possible 1036.7438 (258.85 seconds)
Cbc0010I After 4278 nodes, 302 on tree, 1229.5496 best solution, best possible 1036.7438 (259.63 seconds)
Cbc0010I After 4300 nodes, 300 on tree, 1229.5496 best solution, best possible 1036.7438 (260.35 seconds)
Cbc0010I After 4320 nodes, 299 on tree, 1229.5496 best solution, best possible 1036.7438 (261.08 seconds)
Cbc0010I After 4338 nodes, 295 on tree, 1229.5496 best solution, best possible 1036.7438 (261.86 seconds)
Cbc0010I After 4353 nodes, 291 on tree, 1229.5496 best solution, best possible 1036.7438 (262.62 seconds)
Cbc0010I After 4368 nodes, 293 on tree, 1229.5496 best solution, best possible 1036.7438 (263.34 seconds)
Cbc0010I After 4387 nodes, 291 on tree, 1229.5496 best solution, best possible 1036.7438 (264.14 seconds)
Cbc0010I After 4400 nodes, 290 on tree, 1229.5496 best solution, best possible 1036.7438 (264.85 seconds)
Cbc0010I After 4407 nodes, 290 on tree, 1229.5496 best solution, best possible 1036.7438 (265.59 seconds)
Cbc0010I After 4420 nodes, 294 on tree, 1229.5496 best solution, best possible 1036.7438 (266.35 seconds)
Cbc0010I After 4433 nodes, 294 on tree, 1229.5496 best solution, best possible 1036.7438 (267.08 seconds)
Cbc0010I After 4443 nodes, 294 on tree, 1229.5496 best solution, best possible 1036.7438 (267.81 seconds)
Cbc0010I After 4459 nodes, 295 on tree, 1229.5496 best solution, best possible 1036.7438 (268.55 seconds)
Cbc0010I After 4474 nodes, 293 on tree, 1229.5496 best solution, best possible 1036.7438 (269.26 seconds)
Cbc0010I After 4493 nodes, 292 on tree, 1229.5496 best solution, best possible 1036.7438 (269.97 seconds)
Cbc0010I After 4506 nodes, 289 on tree, 1229.5496 best solution, best possible 1036.7438 (270.67 seconds)
Cbc0010I After 4520 nodes, 289 on tree, 1229.5496 best solution, best possible 1036.7438 (271.53 seconds)
Cbc0010I After 4533 nodes, 288 on tree, 1229.5496 best solution, best possible 1036.7438 (272.23 seconds)
Cbc0010I After 4558 nodes, 285 on tree, 1229.5496 best solution, best possible 1036.7438 (272.93 seconds)
Cbc0010I After 4574 nodes, 286 on tree, 1229.5496 best solution, best possible 1036.7438 (273.67 seconds)
Cbc0010I After 4595 nodes, 285 on tree, 1229.5496 best solution, best possible 1036.7438 (274.41 seconds)
Cbc0010I After 4612 nodes, 289 on tree, 1229.5496 best solution, best possible 1036.7438 (275.13 seconds)
Cbc0010I After 4638 nodes, 283 on tree, 1229.5496 best solution, best possible 1036.7438 (275.84 seconds)
Cbc0010I After 4648 nodes, 282 on tree, 1229.5496 best solution, best possible 1036.7438 (276.58 seconds)
Cbc0010I After 4664 nodes, 285 on tree, 1229.5496 best solution, best possible 1036.7438 (277.38 seconds)
Cbc0010I After 4680 nodes, 283 on tree, 1229.5496 best solution, best possible 1036.7438 (278.10 seconds)
Cbc0010I After 4696 nodes, 280 on tree, 1229.5496 best solution, best possible 1036.7438 (278.83 seconds)
Cbc0010I After 4713 nodes, 278 on tree, 1229.5496 best solution, best possible 1036.7438 (279.54 seconds)
Cbc0010I After 4728 nodes, 275 on tree, 1229.5496 best solution, best possible 1036.7438 (280.29 seconds)
Cbc0010I After 4737 nodes, 276 on tree, 1229.5496 best solution, best possible 1036.7438 (281.01 seconds)
Cbc0010I After 4757 nodes, 271 on tree, 1229.5496 best solution, best possible 1036.7438 (281.83 seconds)
Cbc0010I After 4779 nodes, 268 on tree, 1229.5496 best solution, best possible 1036.7438 (282.71 seconds)
Cbc0010I After 4793 nodes, 272 on tree, 1229.5496 best solution, best possible 1036.7438 (283.46 seconds)
Cbc0010I After 4814 nodes, 269 on tree, 1229.5496 best solution, best possible 1036.7438 (284.20 seconds)
Cbc0010I After 4839 nodes, 262 on tree, 1229.5496 best solution, best possible 1036.7438 (284.95 seconds)
Cbc0010I After 4859 nodes, 258 on tree, 1229.5496 best solution, best possible 1036.7438 (285.78 seconds)
Cbc0010I After 4875 nodes, 252 on tree, 1229.5496 best solution, best possible 1036.7438 (286.49 seconds)
Cbc0010I After 4888 nodes, 250 on tree, 1229.5496 best solution, best possible 1036.7438 (287.19 seconds)
Cbc0010I After 4898 nodes, 251 on tree, 1229.5496 best solution, best possible 1036.7438 (287.93 seconds)
Cbc0010I After 4917 nodes, 248 on tree, 1229.5496 best solution, best possible 1036.7438 (288.70 seconds)
Cbc0010I After 4927 nodes, 249 on tree, 1229.5496 best solution, best possible 1036.7438 (289.41 seconds)
Cbc0010I After 4940 nodes, 247 on tree, 1229.5496 best solution, best possible 1036.7438 (290.14 seconds)
Cbc0010I After 4961 nodes, 243 on tree, 1229.5496 best solution, best possible 1036.7438 (290.86 seconds)
Cbc0010I After 4976 nodes, 243 on tree, 1229.5496 best solution, best possible 1036.7438 (291.57 seconds)
Cbc0010I After 4989 nodes, 241 on tree, 1229.5496 best solution, best possible 1036.7438 (292.37 seconds)
Cbc0010I After 5002 nodes, 240 on tree, 1229.5496 best solution, best possible 1036.7438 (293.13 seconds)
Cbc0010I After 5016 nodes, 236 on tree, 1229.5496 best solution, best possible 1036.7438 (293.85 seconds)
Cbc0010I After 5048 nodes, 227 on tree, 1229.5496 best solution, best possible 1036.7438 (294.55 seconds)
Cbc0010I After 5081 nodes, 215 on tree, 1229.5496 best solution, best possible 1036.7438 (295.30 seconds)
Cbc0010I After 5106 nodes, 210 on tree, 1229.5496 best solution, best possible 1036.7438 (296.00 seconds)
Cbc0010I After 5128 nodes, 205 on tree, 1229.5496 best solution, best possible 1036.7438 (296.81 seconds)
Cbc0010I After 5140 nodes, 204 on tree, 1229.5496 best solution, best possible 1036.7438 (297.56 seconds)
Cbc0010I After 5156 nodes, 201 on tree, 1229.5496 best solution, best possible 1036.7438 (298.30 seconds)
Cbc0010I After 5186 nodes, 190 on tree, 1229.5496 best solution, best possible 1036.7438 (299.02 seconds)
Cbc0010I After 5206 nodes, 184 on tree, 1229.5496 best solution, best possible 1036.7438 (299.72 seconds)
Cbc0010I After 5238 nodes, 172 on tree, 1229.5496 best solution, best possible 1036.7438 (300.47 seconds)
Cbc0010I After 5256 nodes, 165 on tree, 1229.5496 best solution, best possible 1036.7438 (301.19 seconds)
Cbc0010I After 5269 nodes, 164 on tree, 1229.5496 best solution, best possible 1036.7438 (301.91 seconds)
Cbc0010I After 5293 nodes, 155 on tree, 1229.5496 best solution, best possible 1036.7438 (302.62 seconds)
Cbc0010I After 5314 nodes, 150 on tree, 1229.5496 best solution, best possible 1036.7438 (303.36 seconds)
Cbc0010I After 5335 nodes, 144 on tree, 1229.5496 best solution, best possible 1036.7438 (304.20 seconds)
Cbc0010I After 5356 nodes, 137 on tree, 1229.5496 best solution, best possible 1036.7438 (304.95 seconds)
Cbc0010I After 5380 nodes, 127 on tree, 1229.5496 best solution, best possible 1036.7438 (305.67 seconds)
Cbc0010I After 5401 nodes, 121 on tree, 1229.5496 best solution, best possible 1036.7438 (306.47 seconds)
Cbc0010I After 5410 nodes, 120 on tree, 1229.5496 best solution, best possible 1036.7438 (307.20 seconds)
Cbc0010I After 5419 nodes, 121 on tree, 1229.5496 best solution, best possible 1036.7438 (307.97 seconds)
Cbc0010I After 5431 nodes, 118 on tree, 1229.5496 best solution, best possible 1036.7438 (308.68 seconds)
Cbc0010I After 5444 nodes, 116 on tree, 1229.5496 best solution, best possible 1036.7438 (309.40 seconds)
Cbc0010I After 5471 nodes, 104 on tree, 1229.5496 best solution, best possible 1036.7438 (310.16 seconds)
Cbc0010I After 5483 nodes, 103 on tree, 1229.5496 best solution, best possible 1036.7438 (310.86 seconds)
Cbc0004I Integer solution of 1229.2964 found after 554449 iterations and 5485 nodes (311.24 seconds)
Cbc0010I After 5492 nodes, 101 on tree, 1229.2964 best solution, best possible 1036.7438 (311.65 seconds)
Cbc0010I After 5506 nodes, 99 on tree, 1229.2964 best solution, best possible 1036.7438 (312.38 seconds)
Cbc0010I After 5515 nodes, 102 on tree, 1229.2964 best solution, best possible 1036.7438 (313.09 seconds)
Cbc0010I After 5526 nodes, 101 on tree, 1229.2964 best solution, best possible 1036.7438 (313.87 seconds)
Cbc0010I After 5543 nodes, 96 on tree, 1229.2964 best solution, best possible 1036.7438 (314.59 seconds)
Cbc0010I After 5556 nodes, 96 on tree, 1229.2964 best solution, best possible 1036.7438 (315.34 seconds)
Cbc0010I After 5577 nodes, 89 on tree, 1229.2964 best solution, best possible 1036.7438 (316.05 seconds)
Cbc0010I After 5587 nodes, 89 on tree, 1229.2964 best solution, best possible 1036.7438 (316.81 seconds)
Cbc0010I After 5600 nodes, 86 on tree, 1229.2964 best solution, best possible 1036.7438 (317.61 seconds)
Cbc0010I After 5614 nodes, 82 on tree, 1229.2964 best solution, best possible 1036.7438 (318.37 seconds)
Cbc0010I After 5629 nodes, 78 on tree, 1229.2964 best solution, best possible 1036.7438 (319.16 seconds)
Cbc0010I After 5651 nodes, 70 on tree, 1229.2964 best solution, best possible 1036.7438 (319.87 seconds)
Cbc0010I After 5667 nodes, 65 on tree, 1229.2964 best solution, best possible 1036.7438 (320.61 seconds)
Cbc0010I After 5690 nodes, 58 on tree, 1229.2964 best solution, best possible 1036.7438 (321.34 seconds)
Cbc0010I After 5708 nodes, 56 on tree, 1229.2964 best solution, best possible 1036.7438 (322.08 seconds)
Cbc0010I After 5718 nodes, 56 on tree, 1229.2964 best solution, best possible 1036.7438 (322.83 seconds)
Cbc0010I After 5741 nodes, 54 on tree, 1229.2964 best solution, best possible 1036.7438 (323.65 seconds)
Cbc0010I After 5751 nodes, 54 on tree, 1229.2964 best solution, best possible 1036.7438 (324.35 seconds)
Cbc0010I After 5776 nodes, 44 on tree, 1229.2964 best solution, best possible 1036.7438 (325.07 seconds)
Cbc0010I After 5799 nodes, 36 on tree, 1229.2964 best solution, best possible 1036.7438 (325.79 seconds)
Cbc0010I After 5838 nodes, 18 on tree, 1229.2964 best solution, best possible 1036.7438 (326.58 seconds)
Cbc0010I After 5863 nodes, 13 on tree, 1229.2964 best solution, best possible 1036.7438 (327.29 seconds)
Cbc0010I After 5874 nodes, 12 on tree, 1229.2964 best solution, best possible 1036.7438 (328.06 seconds)
Cbc0010I After 5882 nodes, 14 on tree, 1229.2964 best solution, best possible 1036.7438 (328.89 seconds)
Cbc0010I After 5896 nodes, 14 on tree, 1229.2964 best solution, best possible 1036.7438 (329.62 seconds)
Cbc0010I After 5918 nodes, 9 on tree, 1229.2964 best solution, best possible 1036.7438 (330.33 seconds)
Cbc0010I After 5925 nodes, 12 on tree, 1229.2964 best solution, best possible 1036.7438 (331.04 seconds)
Cbc0010I After 5936 nodes, 13 on tree, 1229.2964 best solution, best possible 1036.7438 (331.77 seconds)
Cbc0010I After 5958 nodes, 9 on tree, 1229.2964 best solution, best possible 1036.7438 (332.61 seconds)
Cbc0010I After 5965 nodes, 11 on tree, 1229.2964 best solution, best possible 1036.7438 (333.45 seconds)
Cbc0010I After 5973 nodes, 15 on tree, 1229.2964 best solution, best possible 1036.7438 (334.16 seconds)
Cbc0010I After 5986 nodes, 14 on tree, 1229.2964 best solution, best possible 1036.7438 (334.86 seconds)
Cbc0010I After 6010 nodes, 9 on tree, 1229.2964 best solution, best possible 1036.7438 (335.62 seconds)
Cbc0010I After 6015 nodes, 11 on tree, 1229.2964 best solution, best possible 1036.7438 (336.33 seconds)
Cbc0010I After 6027 nodes, 12 on tree, 1229.2964 best solution, best possible 1036.7438 (337.10 seconds)
Cbc0010I After 6036 nodes, 12 on tree, 1229.2964 best solution, best possible 1036.7438 (337.85 seconds)
Cbc0010I After 6054 nodes, 9 on tree, 1229.2964 best solution, best possible 1036.7438 (338.72 seconds)
Cbc0010I After 6065 nodes, 6 on tree, 1229.2964 best solution, best possible 1036.7438 (339.49 seconds)
Cbc0010I After 6072 nodes, 10 on tree, 1229.2964 best solution, best possible 1036.7438 (340.36 seconds)
Cbc0010I After 6088 nodes, 6 on tree, 1229.2964 best solution, best possible 1036.7438 (341.13 seconds)
Cbc0010I After 6099 nodes, 7 on tree, 1229.2964 best solution, best possible 1036.7438 (341.84 seconds)
Cbc0010I After 6111 nodes, 10 on tree, 1229.2964 best solution, best possible 1036.7438 (342.59 seconds)
Cbc0010I After 6124 nodes, 10 on tree, 1229.2964 best solution, best possible 1036.7438 (343.29 seconds)
Cbc0010I After 6133 nodes, 12 on tree, 1229.2964 best solution, best possible 1036.7438 (344.11 seconds)
Cbc0010I After 6141 nodes, 15 on tree, 1229.2964 best solution, best possible 1036.7438 (344.85 seconds)
Cbc0010I After 6164 nodes, 8 on tree, 1229.2964 best solution, best possible 1036.7438 (345.57 seconds)
Cbc0010I After 6181 nodes, 9 on tree, 1229.2964 best solution, best possible 1036.7438 (346.32 seconds)
Cbc0010I After 6190 nodes, 11 on tree, 1229.2964 best solution, best possible 1036.7438 (347.03 seconds)
Cbc0010I After 6201 nodes, 13 on tree, 1229.2964 best solution, best possible 1036.7438 (347.74 seconds)
Cbc0010I After 6222 nodes, 12 on tree, 1229.2964 best solution, best possible 1036.7438 (348.47 seconds)
Cbc0010I After 6240 nodes, 12 on tree, 1229.2964 best solution, best possible 1036.7438 (349.21 seconds)
Cbc0010I After 6263 nodes, 6 on tree, 1229.2964 best solution, best possible 1036.7438 (349.95 seconds)
Cbc0010I After 6275 nodes, 7 on tree, 1229.2964 best solution, best possible 1036.7438 (350.66 seconds)
Cbc0010I After 6288 nodes, 5 on tree, 1229.2964 best solution, best possible 1036.7438 (351.39 seconds)
Cbc0010I After 6295 nodes, 10 on tree, 1229.2964 best solution, best possible 1036.7438 (352.16 seconds)
Cbc0010I After 6312 nodes, 10 on tree, 1229.2964 best solution, best possible 1036.7438 (352.88 seconds)
Cbc0010I After 6324 nodes, 8 on tree, 1229.2964 best solution, best possible 1036.7438 (353.60 seconds)
Cbc0010I After 6345 nodes, 4 on tree, 1229.2964 best solution, best possible 1036.7438 (354.53 seconds)
Cbc0010I After 6357 nodes, 8 on tree, 1229.2964 best solution, best possible 1036.7438 (355.28 seconds)
Cbc0010I After 6378 nodes, 4 on tree, 1229.2964 best solution, best possible 1036.7438 (355.99 seconds)
Cbc0010I After 6388 nodes, 5 on tree, 1229.2964 best solution, best possible 1036.7438 (356.76 seconds)
Cbc0010I After 6398 nodes, 8 on tree, 1229.2964 best solution, best possible 1036.7438 (357.48 seconds)
Cbc0010I After 6412 nodes, 5 on tree, 1229.2964 best solution, best possible 1036.7438 (358.22 seconds)
Cbc0010I After 6425 nodes, 4 on tree, 1229.2964 best solution, best possible 1036.7438 (359.02 seconds)
Cbc0010I After 6436 nodes, 5 on tree, 1229.2964 best solution, best possible 1036.7438 (359.73 seconds)
Cbc0010I After 6441 nodes, 8 on tree, 1229.2964 best solution, best possible 1036.7438 (360.49 seconds)
Cbc0010I After 6449 nodes, 12 on tree, 1229.2964 best solution, best possible 1036.7438 (361.23 seconds)
Cbc0010I After 6460 nodes, 13 on tree, 1229.2964 best solution, best possible 1036.7438 (361.95 seconds)
Cbc0010I After 6473 nodes, 12 on tree, 1229.2964 best solution, best possible 1036.7438 (362.70 seconds)
Cbc0010I After 6490 nodes, 5 on tree, 1229.2964 best solution, best possible 1036.7438 (363.52 seconds)
Cbc0010I After 6501 nodes, 4 on tree, 1229.2964 best solution, best possible 1036.7438 (364.23 seconds)
Cbc0010I After 6508 nodes, 7 on tree, 1229.2964 best solution, best possible 1036.7438 (364.96 seconds)
Cbc0010I After 6523 nodes, 8 on tree, 1229.2964 best solution, best possible 1036.7438 (365.66 seconds)
Cbc0010I After 6539 nodes, 3 on tree, 1229.2964 best solution, best possible 1036.7438 (366.37 seconds)
Cbc0010I After 6548 nodes, 3 on tree, 1229.2964 best solution, best possible 1036.7438 (367.07 seconds)
Cbc0010I After 6558 nodes, 5 on tree, 1229.2964 best solution, best possible 1036.7438 (367.80 seconds)
Cbc0010I After 6577 nodes, 2 on tree, 1229.2964 best solution, best possible 1062.749 (368.57 seconds)
Cbc0010I After 6583 nodes, 7 on tree, 1229.2964 best solution, best possible 1062.749 (369.29 seconds)
Cbc0010I After 6590 nodes, 10 on tree, 1229.2964 best solution, best possible 1062.749 (370.04 seconds)
Cbc0010I After 6601 nodes, 11 on tree, 1229.2964 best solution, best possible 1062.749 (370.75 secondsModell wird erstellt...
Suche Startlsung...
None
Suche optimale Lsung...
OptimizationStatus.OPTIMAL
C:\Users\Philip\Documents\programmieren\python\bwinf41-2\weniger-krumme-touren\beispiele\random\50\503.txt
Lsung gefunden!
)
Cbc0010I After 6614 nodes, 14 on tree, 1229.2964 best solution, best possible 1062.749 (371.47 seconds)
Cbc0010I After 6635 nodes, 12 on tree, 1229.2964 best solution, best possible 1062.749 (372.23 seconds)
Cbc0010I After 6661 nodes, 10 on tree, 1229.2964 best solution, best possible 1062.749 (372.97 seconds)
Cbc0010I After 6672 nodes, 12 on tree, 1229.2964 best solution, best possible 1062.749 (373.74 seconds)
Cbc0010I After 6694 nodes, 5 on tree, 1229.2964 best solution, best possible 1062.749 (374.48 seconds)
Cbc0010I After 6707 nodes, 6 on tree, 1229.2964 best solution, best possible 1062.749 (375.19 seconds)
Cbc0010I After 6723 nodes, 8 on tree, 1229.2964 best solution, best possible 1062.749 (375.99 seconds)
Cbc0010I After 6735 nodes, 11 on tree, 1229.2964 best solution, best possible 1062.749 (376.71 seconds)
Cbc0010I After 6762 nodes, 6 on tree, 1229.2964 best solution, best possible 1062.749 (377.44 seconds)
Cbc0010I After 6778 nodes, 5 on tree, 1229.2964 best solution, best possible 1062.749 (378.15 seconds)
Cbc0010I After 6790 nodes, 6 on tree, 1229.2964 best solution, best possible 1062.749 (378.87 seconds)
Cbc0010I After 6809 nodes, 6 on tree, 1229.2964 best solution, best possible 1062.749 (379.59 seconds)
Cbc0010I After 6821 nodes, 5 on tree, 1229.2964 best solution, best possible 1062.749 (380.39 seconds)
Cbc0010I After 6834 nodes, 3 on tree, 1229.2964 best solution, best possible 1062.749 (381.10 seconds)
Cbc0010I After 6848 nodes, 6 on tree, 1229.2964 best solution, best possible 1085.0165 (381.82 seconds)
Cbc0010I After 6856 nodes, 9 on tree, 1229.2964 best solution, best possible 1085.0165 (382.70 seconds)
Cbc0010I After 6864 nodes, 12 on tree, 1229.2964 best solution, best possible 1085.0165 (383.44 seconds)
Cbc0010I After 6875 nodes, 16 on tree, 1229.2964 best solution, best possible 1085.0165 (384.19 seconds)
Cbc0010I After 6882 nodes, 20 on tree, 1229.2964 best solution, best possible 1085.0165 (384.96 seconds)
Cbc0010I After 6894 nodes, 23 on tree, 1229.2964 best solution, best possible 1085.0165 (385.66 seconds)
Cbc0010I After 6904 nodes, 26 on tree, 1229.2964 best solution, best possible 1085.0165 (386.41 seconds)
Cbc0010I After 6916 nodes, 30 on tree, 1229.2964 best solution, best possible 1085.0165 (387.16 seconds)
Cbc0010I After 6937 nodes, 27 on tree, 1229.2964 best solution, best possible 1085.0165 (387.90 seconds)
Cbc0010I After 6955 nodes, 29 on tree, 1229.2964 best solution, best possible 1085.0165 (388.64 seconds)
Cbc0010I After 6976 nodes, 27 on tree, 1229.2964 best solution, best possible 1085.0165 (389.35 seconds)
Cbc0010I After 6990 nodes, 25 on tree, 1229.2964 best solution, best possible 1085.0165 (390.05 seconds)
Cbc0010I After 7008 nodes, 22 on tree, 1229.2964 best solution, best possible 1085.0165 (390.78 seconds)
Cbc0010I After 7038 nodes, 16 on tree, 1229.2964 best solution, best possible 1085.0165 (391.49 seconds)
Cbc0010I After 7076 nodes, 3 on tree, 1229.2964 best solution, best possible 1085.0165 (392.26 seconds)
Cbc0010I After 7086 nodes, 4 on tree, 1229.2964 best solution, best possible 1085.0165 (393.09 seconds)
Cbc0010I After 7102 nodes, 3 on tree, 1229.2964 best solution, best possible 1085.0165 (393.80 seconds)
Cbc0010I After 7114 nodes, 4 on tree, 1229.2964 best solution, best possible 1085.0165 (394.56 seconds)
Cbc0001I Search completed - best objective 1229.296383873478, took 673501 iterations and 7126 nodes (395.13 seconds)
Cbc0032I Strong branching done 23802 times (493870 iterations), fathomed 1094 nodes and fixed 4240 variables
Cbc0035I Maximum depth 50, 797143 variables fixed on reduced cost
Total time (CPU seconds):       395.29   (Wallclock seconds):       395.29

