Starting solution of the Linear programming relaxation problem using Primal Simplex

Coin0506I Presolve 76294 (-76233) rows, 1830 (0) columns and 156126 (-152466) elements
Clp0030I 35 infeas 1.9552151, obj 1107.0217 - mu 0.0056388228, its 105, 181 interior
Clp0030I 51 infeas 0.0045493165, obj 1138.7448 - mu 2.3193432e-05, its 105, 334 interior
Clp1000I sum of infeasibilities 6.72687e-05 - average 8.81704e-10, 1446 fixed columns
Coin0506I Presolve 2786 (-73508) rows, 384 (-1446) columns and 6218 (-149908) elements
Clp0006I 0  Obj 1138.8215 Primal inf 2.3041162e-05 (20) Dual inf 1.4e+10 (381)
Clp0029I End of values pass after 384 iterations
Clp0014I Perturbing problem by 0.001% of 1 - largest nonzero change 2.9995211e-05 ( 0.0014997605%) - largest zero change 2.9576128e-05
Clp0000I Optimal - objective value 1133.8771
Clp0000I Optimal - objective value 1133.8771
Coin0511I After Postsolve, objective 1133.8771, infeasibilities - dual 0 (0), primal 0 (0)
Clp0006I 0  Obj 1133.8771 Dual inf 1.4263077 (1)
Clp0014I Perturbing problem by 0.001% of 1 - largest nonzero change 2.9983681e-05 ( 0.001499184%) - largest zero change 2.9522154e-05
Clp0000I Optimal - objective value 1133.8771
Clp0000I Optimal - objective value 1133.8771
Clp0000I Optimal - objective value 1133.8771
Coin0511I After Postsolve, objective 1133.8771, infeasibilities - dual 0 (0), primal 0 (0)
Clp0032I Optimal objective 1133.877125 - 0 iterations time 2.112, Presolve 0.13, Idiot 1.96

Starting MIP optimization
Cbc0045I MIPStart provided solution with cost 1281.1
Cbc0012I Integer solution of 1281.1014 found by Reduced search after 0 iterations and 0 nodes (0.34 seconds)
Cbc0013I At root node, 0 cuts changed objective from 1133.8771 to 1133.8771 in 1 passes
Cbc0014I Cut generator 0 (LazyConstraints) - 0 row cuts average 0.0 elements, 0 column cuts (0 active)  in 0.098 seconds - new frequency is 1
Cbc0014I Cut generator 1 (Probing) - 0 row cuts average 0.0 elements, 0 column cuts (0 active)  in 0.000 seconds - new frequency is -100
Cbc0014I Cut generator 2 (Gomory) - 0 row cuts average 0.0 elements, 0 column cuts (0 active)  in 0.000 seconds - new frequency is -100
Cbc0014I Cut generator 3 (Knapsack) - 0 row cuts average 0.0 elements, 0 column cuts (0 active)  in 0.000 seconds - new frequency is -100
Cbc0014I Cut generator 4 (MixedIntegerRounding2) - 0 row cuts average 0.0 elements, 0 column cuts (0 active)  in 0.000 seconds - new frequency is -100
Cbc0014I Cut generator 5 (FlowCover) - 0 row cuts average 0.0 elements, 0 column cuts (0 active)  in 0.000 seconds - new frequency is -100
Cbc0014I Cut generator 6 (TwoMirCuts) - 0 row cuts average 0.0 elements, 0 column cuts (0 active)  in 0.000 seconds - new frequency is -100
Cbc0014I Cut generator 7 (ZeroHalf) - 0 row cuts average 0.0 elements, 0 column cuts (0 active)  in 0.000 seconds - new frequency is -100
Cbc0010I After 2 nodes, 3 on tree, 1281.1014 best solution, best possible 1133.8771 (1.89 seconds)
Cbc0010I After 4 nodes, 5 on tree, 1281.1014 best solution, best possible 1133.8771 (2.71 seconds)
Cbc0010I After 6 nodes, 7 on tree, 1281.1014 best solution, best possible 1133.8771 (3.51 seconds)
Cbc0010I After 8 nodes, 9 on tree, 1281.1014 best solution, best possible 1133.8771 (4.28 seconds)
Cbc0010I After 10 nodes, 10 on tree, 1281.1014 best solution, best possible 1133.8771 (5.61 seconds)
Cbc0010I After 13 nodes, 12 on tree, 1281.1014 best solution, best possible 1133.8771 (6.69 seconds)
Cbc0010I After 18 nodes, 13 on tree, 1281.1014 best solution, best possible 1133.8771 (7.65 seconds)
Cbc0010I After 22 nodes, 15 on tree, 1281.1014 best solution, best possible 1133.8771 (8.45 seconds)
Cbc0010I After 27 nodes, 19 on tree, 1281.1014 best solution, best possible 1133.8771 (9.34 seconds)
Cbc0010I After 32 nodes, 20 on tree, 1281.1014 best solution, best possible 1133.8771 (10.27 seconds)
Cbc0010I After 38 nodes, 21 on tree, 1281.1014 best solution, best possible 1133.8771 (11.03 seconds)
Cbc0010I After 44 nodes, 22 on tree, 1281.1014 best solution, best possible 1133.8771 (11.86 seconds)
Cbc0010I After 53 nodes, 18 on tree, 1281.1014 best solution, best possible 1133.8771 (12.62 seconds)
Cbc0010I After 57 nodes, 19 on tree, 1281.1014 best solution, best possible 1133.8771 (13.39 seconds)
Cbc0010I After 65 nodes, 17 on tree, 1281.1014 best solution, best possible 1133.8771 (14.18 seconds)
Cbc0010I After 69 nodes, 19 on tree, 1281.1014 best solution, best possible 1133.8771 (15.01 seconds)
Cbc0010I After 74 nodes, 22 on tree, 1281.1014 best solution, best possible 1133.8771 (15.80 seconds)
Cbc0010I After 80 nodes, 22 on tree, 1281.1014 best solution, best possible 1133.8771 (16.55 seconds)
Cbc0010I After 93 nodes, 22 on tree, 1281.1014 best solution, best possible 1133.8771 (17.27 seconds)
Cbc0010I After 106 nodes, 19 on tree, 1281.1014 best solution, best possible 1133.8771 (18.02 seconds)
Cbc0010I After 115 nodes, 21 on tree, 1281.1014 best solution, best possible 1133.8771 (18.79 seconds)
Cbc0010I After 122 nodes, 23 on tree, 1281.1014 best solution, best possible 1133.8771 (19.55 seconds)
Cbc0010I After 129 nodes, 24 on tree, 1281.1014 best solution, best possible 1133.8771 (20.38 seconds)
Cbc0010I After 133 nodes, 26 on tree, 1281.1014 best solution, best possible 1133.8771 (21.12 seconds)
Cbc0010I After 139 nodes, 29 on tree, 1281.1014 best solution, best possible 1133.8771 (21.86 seconds)
Cbc0010I After 150 nodes, 35 on tree, 1281.1014 best solution, best possible 1133.8771 (22.62 seconds)
Cbc0010I After 160 nodes, 39 on tree, 1281.1014 best solution, best possible 1133.8771 (23.33 seconds)
Cbc0010I After 173 nodes, 31 on tree, 1281.1014 best solution, best possible 1133.8771 (24.04 seconds)
Cbc0010I After 186 nodes, 24 on tree, 1281.1014 best solution, best possible 1133.8771 (24.77 seconds)
Cbc0010I After 196 nodes, 23 on tree, 1281.1014 best solution, best possible 1133.8771 (25.65 seconds)
Cbc0010I After 201 nodes, 23 on tree, 1281.1014 best solution, best possible 1133.8771 (26.44 seconds)
Cbc0010I After 213 nodes, 20 on tree, 1281.1014 best solution, best possible 1133.8771 (27.28 seconds)
Cbc0010I After 223 nodes, 17 on tree, 1281.1014 best solution, best possible 1133.8771 (28.02 seconds)
Cbc0010I After 231 nodes, 14 on tree, 1281.1014 best solution, best possible 1133.8771 (29.05 seconds)
Cbc0010I After 233 nodes, 14 on tree, 1281.1014 best solution, best possible 1133.8771 (29.80 seconds)
Cbc0010I After 238 nodes, 12 on tree, 1281.1014 best solution, best possible 1133.8771 (30.55 seconds)
Cbc0010I After 242 nodes, 15 on tree, 1281.1014 best solution, best possible 1133.8771 (31.39 seconds)
Cbc0010I After 248 nodes, 20 on tree, 1281.1014 best solution, best possible 1133.8771 (32.21 seconds)
Cbc0010I After 259 nodes, 22 on tree, 1281.1014 best solution, best possible 1133.8771 (32.96 seconds)
Cbc0010I After 271 nodes, 25 on tree, 1281.1014 best solution, best possible 1133.8771 (33.70 seconds)
Cbc0010I After 285 nodes, 18 on tree, 1281.1014 best solution, best possible 1133.8771 (34.50 seconds)
Cbc0010I After 290 nodes, 20 on tree, 1281.1014 best solution, best possible 1133.8771 (35.25 seconds)
Cbc0010I After 298 nodes, 20 on tree, 1281.1014 best solution, best possible 1133.8771 (35.99 seconds)
Cbc0010I After 305 nodes, 24 on tree, 1281.1014 best solution, best possible 1133.8771 (36.71 seconds)
Cbc0010I After 316 nodes, 21 on tree, 1281.1014 best solution, best possible 1133.8771 (37.46 seconds)
Cbc0010I After 323 nodes, 20 on tree, 1281.1014 best solution, best possible 1133.8771 (38.20 seconds)
Cbc0010I After 330 nodes, 20 on tree, 1281.1014 best solution, best possible 1133.8771 (38.95 seconds)
Cbc0010I After 337 nodes, 24 on tree, 1281.1014 best solution, best possible 1133.8771 (39.65 seconds)
Cbc0010I After 344 nodes, 26 on tree, 1281.1014 best solution, best possible 1133.8771 (40.52 seconds)
Cbc0010I After 352 nodes, 30 on tree, 1281.1014 best solution, best possible 1133.8771 (41.36 seconds)
Cbc0010I After 359 nodes, 30 on tree, 1281.1014 best solution, best possible 1133.8771 (42.06 seconds)
Cbc0010I After 368 nodes, 31 on tree, 1281.1014 best solution, best possible 1133.8771 (42.84 seconds)
Cbc0010I After 375 nodes, 31 on tree, 1281.1014 best solution, best possible 1133.8771 (43.67 seconds)
Cbc0010I After 382 nodes, 31 on tree, 1281.1014 best solution, best possible 1133.8771 (44.51 seconds)
Cbc0010I After 389 nodes, 32 on tree, 1281.1014 best solution, best possible 1133.8771 (45.32 seconds)
Cbc0010I After 396 nodes, 37 on tree, 1281.1014 best solution, best possible 1133.8771 (46.10 seconds)
Cbc0010I After 399 nodes, 38 on tree, 1281.1014 best solution, best possible 1133.8771 (46.84 seconds)
Cbc0010I After 412 nodes, 36 on tree, 1281.1014 best solution, best possible 1133.8771 (47.62 seconds)
Cbc0010I After 419 nodes, 38 on tree, 1281.1014 best solution, best possible 1133.8771 (48.42 seconds)
Cbc0010I After 427 nodes, 41 on tree, 1281.1014 best solution, best possible 1133.8771 (49.21 seconds)
Cbc0010I After 440 nodes, 36 on tree, 1281.1014 best solution, best possible 1133.8771 (50.01 seconds)
Cbc0010I After 455 nodes, 31 on tree, 1281.1014 best solution, best possible 1133.8771 (50.83 seconds)
Cbc0010I After 474 nodes, 25 on tree, 1281.1014 best solution, best possible 1133.8771 (51.77 seconds)
Cbc0010I After 485 nodes, 22 on tree, 1281.1014 best solution, best possible 1133.8771 (52.55 seconds)
Cbc0010I After 497 nodes, 17 on tree, 1281.1014 best solution, best possible 1133.8771 (53.28 seconds)
Cbc0010I After 501 nodes, 18 on tree, 1281.1014 best solution, best possible 1133.8771 (54.00 seconds)
Cbc0010I After 507 nodes, 18 on tree, 1281.1014 best solution, best possible 1133.8771 (54.71 seconds)
Cbc0010I After 519 nodes, 17 on tree, 1281.1014 best solution, best possible 1133.8771 (55.42 seconds)
Cbc0010I After 526 nodes, 18 on tree, 1281.1014 best solution, best possible 1133.8771 (56.14 seconds)
Cbc0010I After 537 nodes, 16 on tree, 1281.1014 best solution, best possible 1133.8771 (56.91 seconds)
Cbc0010I After 546 nodes, 19 on tree, 1281.1014 best solution, best possible 1133.8771 (57.66 seconds)
Cbc0010I After 553 nodes, 23 on tree, 1281.1014 best solution, best possible 1133.8771 (58.41 seconds)
Cbc0010I After 564 nodes, 22 on tree, 1281.1014 best solution, best possible 1133.8771 (59.15 seconds)
Cbc0010I After 580 nodes, 19 on tree, 1281.1014 best solution, best possible 1133.8771 (60.09 seconds)
Cbc0010I After 590 nodes, 18 on tree, 1281.1014 best solution, best possible 1133.8771 (60.80 seconds)
Cbc0010I After 601 nodes, 16 on tree, 1281.1014 best solution, best possible 1133.8771 (61.53 seconds)
Cbc0010I After 609 nodes, 18 on tree, 1281.1014 best solution, best possible 1133.8771 (62.26 seconds)
Cbc0010I After 626 nodes, 13 on tree, 1281.1014 best solution, best possible 1133.8771 (63.20 seconds)
Cbc0010I After 630 nodes, 14 on tree, 1281.1014 best solution, best possible 1133.8771 (63.91 seconds)
Cbc0010I After 636 nodes, 18 on tree, 1281.1014 best solution, best possible 1133.8771 (64.84 seconds)
Cbc0010I After 641 nodes, 18 on tree, 1281.1014 best solution, best possible 1133.8771 (65.70 seconds)
Cbc0010I After 649 nodes, 19 on tree, 1281.1014 best solution, best possible 1133.8771 (66.44 seconds)
Cbc0010I After 658 nodes, 21 on tree, 1281.1014 best solution, best possible 1133.8771 (67.20 seconds)
Cbc0010I After 666 nodes, 20 on tree, 1281.1014 best solution, best possible 1133.8771 (67.94 seconds)
Cbc0010I After 679 nodes, 20 on tree, 1281.1014 best solution, best possible 1133.8771 (68.70 seconds)
Cbc0010I After 691 nodes, 15 on tree, 1281.1014 best solution, best possible 1133.8771 (69.40 seconds)
Cbc0010I After 699 nodes, 13 on tree, 1281.1014 best solution, best possible 1133.8771 (70.11 seconds)
Cbc0010I After 707 nodes, 14 on tree, 1281.1014 best solution, best possible 1133.8771 (70.85 seconds)
Cbc0010I After 712 nodes, 16 on tree, 1281.1014 best solution, best possible 1133.8771 (71.56 seconds)
Cbc0010I After 721 nodes, 15 on tree, 1281.1014 best solution, best possible 1133.8771 (72.27 seconds)
Cbc0010I After 733 nodes, 12 on tree, 1281.1014 best solution, best possible 1133.8771 (73.13 seconds)
Cbc0010I After 740 nodes, 14 on tree, 1281.1014 best solution, best possible 1133.8771 (73.83 seconds)
Cbc0010I After 751 nodes, 12 on tree, 1281.1014 best solution, best possible 1133.8771 (74.66 seconds)
Cbc0010I After 759 nodes, 11 on tree, 1281.1014 best solution, best possible 1133.8771 (75.70 seconds)
Cbc0010I After 765 nodes, 11 on tree, 1281.1014 best solution, best possible 1133.8771 (76.61 seconds)
Cbc0010I After 768 nodes, 13 on tree, 1281.1014 best solution, best possible 1133.8771 (77.42 seconds)
Cbc0010I After 781 nodes, 14 on tree, 1281.1014 best solution, best possible 1133.8771 (78.20 seconds)
Cbc0010I After 790 nodes, 12 on tree, 1281.1014 best solution, best possible 1133.8771 (79.30 seconds)
Cbc0010I After 793 nodes, 15 on tree, 1281.1014 best solution, best possible 1133.8771 (80.02 seconds)
Cbc0010I After 796 nodes, 17 on tree, 1281.1014 best solution, best possible 1133.8771 (80.85 seconds)
Cbc0010I After 808 nodes, 19 on tree, 1281.1014 best solution, best possible 1133.8771 (81.57 seconds)
Cbc0010I After 818 nodes, 23 on tree, 1281.1014 best solution, best possible 1133.8771 (82.35 seconds)
Cbc0010I After 830 nodes, 21 on tree, 1281.1014 best solution, best possible 1133.8771 (83.15 seconds)
Cbc0010I After 843 nodes, 20 on tree, 1281.1014 best solution, best possible 1133.8771 (84.04 seconds)
Cbc0010I After 851 nodes, 20 on tree, 1281.1014 best solution, best possible 1133.8771 (84.75 seconds)
Cbc0010I After 858 nodes, 18 on tree, 1281.1014 best solution, best possible 1133.8771 (85.59 seconds)
Cbc0010I After 865 nodes, 20 on tree, 1281.1014 best solution, best possible 1133.8771 (86.38 seconds)
Cbc0010I After 870 nodes, 22 on tree, 1281.1014 best solution, best possible 1133.8771 (87.16 seconds)
Cbc0010I After 874 nodes, 24 on tree, 1281.1014 best solution, best possible 1133.8771 (87.93 seconds)
Cbc0010I After 880 nodes, 27 on tree, 1281.1014 best solution, best possible 1133.8771 (88.74 seconds)
Cbc0010I After 887 nodes, 28 on tree, 1281.1014 best solution, best possible 1133.8771 (89.55 seconds)
Cbc0010I After 895 nodes, 30 on tree, 1281.1014 best solution, best possible 1133.8771 (90.41 seconds)
Cbc0010I After 902 nodes, 32 on tree, 1281.1014 best solution, best possible 1133.8771 (91.15 seconds)
Cbc0010I After 914 nodes, 30 on tree, 1281.1014 best solution, best possible 1133.8771 (91.90 seconds)
Cbc0010I After 928 nodes, 29 on tree, 1281.1014 best solution, best possible 1133.8771 (92.64 seconds)
Cbc0010I After 937 nodes, 30 on tree, 1281.1014 best solution, best possible 1133.8771 (93.38 seconds)
Cbc0010I After 949 nodes, 29 on tree, 1281.1014 best solution, best possible 1133.8771 (94.19 seconds)
Cbc0010I After 960 nodes, 29 on tree, 1281.1014 best solution, best possible 1133.8771 (95.03 seconds)
Cbc0010I After 966 nodes, 32 on tree, 1281.1014 best solution, best possible 1133.8771 (95.81 seconds)
Cbc0010I After 975 nodes, 29 on tree, 1281.1014 best solution, best possible 1133.8771 (96.57 seconds)
Cbc0010I After 982 nodes, 31 on tree, 1281.1014 best solution, best possible 1133.8771 (97.34 seconds)
Cbc0010I After 998 nodes, 29 on tree, 1281.1014 best solution, best possible 1133.8771 (98.04 seconds)
Cbc0010I After 1003 nodes, 29 on tree, 1281.1014 best solution, best possible 1139.6732 (98.93 seconds)
Cbc0010I After 1005 nodes, 31 on tree, 1281.1014 best solution, best possible 1139.6732 (99.65 seconds)
Cbc0010I After 1008 nodes, 34 on tree, 1281.1014 best solution, best possible 1139.6732 (100.67 seconds)
Cbc0010I After 1011 nodes, 37 on tree, 1281.1014 best solution, best possible 1139.6732 (101.54 seconds)
Cbc0010I After 1014 nodes, 40 on tree, 1281.1014 best solution, best possible 1139.6732 (102.33 seconds)
Cbc0010I After 1017 nodes, 43 on tree, 1281.1014 best solution, best possible 1139.6732 (103.05 seconds)
Cbc0010I After 1021 nodes, 47 on tree, 1281.1014 best solution, best possible 1139.6732 (103.84 seconds)
Cbc0010I After 1024 nodes, 50 on tree, 1281.1014 best solution, best possible 1139.6732 (104.57 seconds)
Cbc0010I After 1029 nodes, 55 on tree, 1281.1014 best solution, best possible 1139.6732 (105.38 seconds)
Cbc0010I After 1032 nodes, 58 on tree, 1281.1014 best solution, best possible 1139.6732 (106.12 seconds)
Cbc0010I After 1036 nodes, 62 on tree, 1281.1014 best solution, best possible 1139.6732 (106.98 seconds)
Cbc0010I After 1041 nodes, 67 on tree, 1281.1014 best solution, best possible 1139.6732 (107.86 seconds)
Cbc0010I After 1046 nodes, 72 on tree, 1281.1014 best solution, best possible 1139.6732 (108.61 seconds)
Cbc0010I After 1058 nodes, 73 on tree, 1281.1014 best solution, best possible 1139.6732 (109.37 seconds)
Cbc0010I After 1064 nodes, 72 on tree, 1281.1014 best solution, best possible 1139.6732 (110.10 seconds)
Cbc0010I After 1072 nodes, 70 on tree, 1281.1014 best solution, best possible 1139.6732 (110.95 seconds)
Cbc0010I After 1080 nodes, 68 on tree, 1281.1014 best solution, best possible 1139.6732 (111.75 seconds)
Cbc0010I After 1084 nodes, 67 on tree, 1281.1014 best solution, best possible 1139.6732 (112.60 seconds)
Cbc0010I After 1090 nodes, 65 on tree, 1281.1014 best solution, best possible 1139.6732 (113.34 seconds)
Cbc0010I After 1095 nodes, 69 on tree, 1281.1014 best solution, best possible 1139.6732 (114.16 seconds)
Cbc0010I After 1105 nodes, 67 on tree, 1281.1014 best solution, best possible 1139.6732 (115.03 seconds)
Cbc0010I After 1114 nodes, 64 on tree, 1281.1014 best solution, best possible 1139.6732 (115.75 seconds)
Cbc0010I After 1120 nodes, 64 on tree, 1281.1014 best solution, best possible 1139.6732 (116.45 seconds)
Cbc0010I After 1127 nodes, 61 on tree, 1281.1014 best solution, best possible 1139.6732 (117.24 seconds)
Cbc0010I After 1130 nodes, 64 on tree, 1281.1014 best solution, best possible 1139.6732 (117.99 seconds)
Cbc0010I After 1137 nodes, 65 on tree, 1281.1014 best solution, best possible 1139.6732 (118.80 seconds)
Cbc0010I After 1147 nodes, 62 on tree, 1281.1014 best solution, best possible 1139.6732 (119.52 seconds)
Cbc0010I After 1150 nodes, 60 on tree, 1281.1014 best solution, best possible 1139.6732 (120.40 seconds)
Cbc0010I After 1153 nodes, 63 on tree, 1281.1014 best solution, best possible 1139.6732 (121.25 seconds)
Cbc0010I After 1157 nodes, 67 on tree, 1281.1014 best solution, best possible 1139.6732 (122.04 seconds)
Cbc0010I After 1164 nodes, 66 on tree, 1281.1014 best solution, best possible 1139.6732 (122.86 seconds)
Cbc0010I After 1173 nodes, 64 on tree, 1281.1014 best solution, best possible 1139.6732 (123.58 seconds)
Cbc0010I After 1180 nodes, 61 on tree, 1281.1014 best solution, best possible 1139.6732 (124.30 seconds)
Cbc0010I After 1183 nodes, 59 on tree, 1281.1014 best solution, best possible 1139.6732 (125.23 seconds)
Cbc0010I After 1193 nodes, 59 on tree, 1281.1014 best solution, best possible 1139.6732 (126.15 seconds)
Cbc0010I After 1200 nodes, 60 on tree, 1281.1014 best solution, best possible 1139.6732 (126.86 seconds)
Cbc0010I After 1203 nodes, 63 on tree, 1281.1014 best solution, best possible 1139.6732 (127.57 seconds)
Cbc0010I After 1206 nodes, 66 on tree, 1281.1014 best solution, best possible 1139.6732 (128.66 seconds)
Cbc0010I After 1210 nodes, 70 on tree, 1281.1014 best solution, best possible 1139.6732 (129.81 seconds)
Cbc0010I After 1216 nodes, 76 on tree, 1281.1014 best solution, best possible 1139.6732 (130.92 seconds)
Cbc0010I After 1220 nodes, 80 on tree, 1281.1014 best solution, best possible 1139.6732 (132.06 seconds)
Cbc0010I After 1225 nodes, 79 on tree, 1281.1014 best solution, best possible 1139.6732 (132.93 seconds)
Cbc0004I Integer solution of 1280.9052 found after 143628 iterations and 1227 nodes (133.14 seconds)
Cbc0010I After 1228 nodes, 78 on tree, 1280.9052 best solution, best possible 1139.6732 (133.65 seconds)
Cbc0010I After 1234 nodes, 80 on tree, 1280.9052 best solution, best possible 1139.6732 (135.19 seconds)
Cbc0010I After 1237 nodes, 81 on tree, 1280.9052 best solution, best possible 1139.6732 (136.09 seconds)
Cbc0010I After 1243 nodes, 80 on tree, 1280.9052 best solution, best possible 1139.6732 (136.88 seconds)
Cbc0010I After 1245 nodes, 80 on tree, 1280.9052 best solution, best possible 1139.6732 (137.77 seconds)
Cbc0010I After 1247 nodes, 79 on tree, 1280.9052 best solution, best possible 1139.6732 (138.61 seconds)
Cbc0010I After 1250 nodes, 80 on tree, 1280.9052 best solution, best possible 1139.6732 (139.50 seconds)
Cbc0010I After 1255 nodes, 79 on tree, 1280.9052 best solution, best possible 1139.6732 (140.38 seconds)
Cbc0010I After 1259 nodes, 78 on tree, 1280.9052 best solution, best possible 1139.6732 (141.08 seconds)
Cbc0010I After 1264 nodes, 81 on tree, 1280.9052 best solution, best possible 1139.6732 (142.03 seconds)
Cbc0010I After 1269 nodes, 80 on tree, 1280.9052 best solution, best possible 1139.6732 (142.74 seconds)
Cbc0004I Integer solution of 1276.4638 found after 165248 iterations and 1272 nodes (143.16 seconds)
Cbc0010I After 1274 nodes, 71 on tree, 1276.4638 best solution, best possible 1139.6732 (144.72 seconds)
Cbc0010I After 1276 nodes, 71 on tree, 1276.4638 best solution, best possible 1139.6732 (145.56 seconds)
Cbc0010I After 1283 nodes, 70 on tree, 1276.4638 best solution, best possible 1139.6732 (146.70 seconds)
Cbc0004I Integer solution of 1266.9557 found after 175251 iterations and 1289 nodes (147.52 seconds)
Cbc0010I After 1289 nodes, 63 on tree, 1266.9557 best solution, best possible 1139.6732 (147.53 seconds)
Cbc0004I Integer solution of 1257.0506 found after 175788 iterations and 1290 nodes (147.73 seconds)
Cbc0010I After 1294 nodes, 58 on tree, 1257.0506 best solution, best possible 1139.6732 (148.30 seconds)
Cbc0010I After 1299 nodes, 59 on tree, 1257.0506 best solution, best possible 1139.6732 (149.18 seconds)
Cbc0010I After 1304 nodes, 61 on tree, 1257.0506 best solution, best possible 1139.6732 (149.94 seconds)
Cbc0010I After 1310 nodes, 62 on tree, 1257.0506 best solution, best possible 1139.6732 (150.78 seconds)
Cbc0010I After 1314 nodes, 64 on tree, 1257.0506 best solution, best possible 1139.6732 (151.57 seconds)
Cbc0010I After 1317 nodes, 64 on tree, 1257.0506 best solution, best possible 1139.6732 (152.28 seconds)
Cbc0010I After 1321 nodes, 64 on tree, 1257.0506 best solution, best possible 1139.6732 (152.98 seconds)
Cbc0010I After 1323 nodes, 65 on tree, 1257.0506 best solution, best possible 1139.6732 (153.87 seconds)
Cbc0010I After 1328 nodes, 67 on tree, 1257.0506 best solution, best possible 1139.6732 (154.79 seconds)
Cbc0010I After 1333 nodes, 69 on tree, 1257.0506 best solution, best possible 1139.6732 (155.58 seconds)
Cbc0010I After 1336 nodes, 71 on tree, 1257.0506 best solution, best possible 1139.6732 (156.36 seconds)
Cbc0010I After 1340 nodes, 71 on tree, 1257.0506 best solution, best possible 1139.6732 (157.08 seconds)
Cbc0010I After 1346 nodes, 75 on tree, 1257.0506 best solution, best possible 1139.6732 (157.85 seconds)
Cbc0010I After 1351 nodes, 78 on tree, 1257.0506 best solution, best possible 1139.6732 (158.57 seconds)
Cbc0010I After 1355 nodes, 79 on tree, 1257.0506 best solution, best possible 1139.6732 (159.40 seconds)
Cbc0010I After 1360 nodes, 80 on tree, 1257.0506 best solution, best possible 1139.6732 (160.10 seconds)
Cbc0010I After 1364 nodes, 80 on tree, 1257.0506 best solution, best possible 1139.6732 (160.81 seconds)
Cbc0010I After 1369 nodes, 82 on tree, 1257.0506 best solution, best possible 1139.6732 (161.57 seconds)
Cbc0010I After 1375 nodes, 85 on tree, 1257.0506 best solution, best possible 1139.6732 (162.51 seconds)
Cbc0010I After 1385 nodes, 83 on tree, 1257.0506 best solution, best possible 1139.6732 (163.22 seconds)
Cbc0010I After 1392 nodes, 84 on tree, 1257.0506 best solution, best possible 1139.6732 (164.06 seconds)
Cbc0010I After 1396 nodes, 85 on tree, 1257.0506 best solution, best possible 1139.6732 (164.77 seconds)
Cbc0010I After 1403 nodes, 89 on tree, 1257.0506 best solution, best possible 1139.6732 (165.54 seconds)
Cbc0010I After 1412 nodes, 92 on tree, 1257.0506 best solution, best possible 1139.6732 (166.33 seconds)
Cbc0010I After 1420 nodes, 95 on tree, 1257.0506 best solution, best possible 1139.6732 (167.14 seconds)
Cbc0010I After 1426 nodes, 98 on tree, 1257.0506 best solution, best possible 1139.6732 (167.86 seconds)
Cbc0010I After 1436 nodes, 99 on tree, 1257.0506 best solution, best possible 1139.6732 (168.77 seconds)
Cbc0010I After 1442 nodes, 100 on tree, 1257.0506 best solution, best possible 1139.6732 (169.73 seconds)
Cbc0010I After 1452 nodes, 106 on tree, 1257.0506 best solution, best possible 1139.6732 (170.62 seconds)
Cbc0010I After 1459 nodes, 106 on tree, 1257.0506 best solution, best possible 1139.6732 (171.42 seconds)
Cbc0010I After 1467 nodes, 107 on tree, 1257.0506 best solution, best possible 1139.6732 (172.31 seconds)
Cbc0010I After 1473 nodes, 110 on tree, 1257.0506 best solution, best possible 1139.6732 (173.05 seconds)
Cbc0010I After 1478 nodes, 112 on tree, 1257.0506 best solution, best possible 1139.6732 (173.77 seconds)
Cbc0010I After 1485 nodes, 117 on tree, 1257.0506 best solution, best possible 1139.6732 (174.58 seconds)
Cbc0010I After 1493 nodes, 120 on tree, 1257.0506 best solution, best possible 1139.6732 (175.33 seconds)
Cbc0010I After 1500 nodes, 123 on tree, 1257.0506 best solution, best possible 1139.6732 (176.18 seconds)
Cbc0010I After 1505 nodes, 125 on tree, 1257.0506 best solution, best possible 1139.6732 (176.89 seconds)
Cbc0010I After 1512 nodes, 127 on tree, 1257.0506 best solution, best possible 1139.6732 (177.72 seconds)
Cbc0010I After 1519 nodes, 133 on tree, 1257.0506 best solution, best possible 1139.6732 (178.49 seconds)
Cbc0010I After 1526 nodes, 135 on tree, 1257.0506 best solution, best possible 1139.6732 (179.48 seconds)
Cbc0010I After 1533 nodes, 135 on tree, 1257.0506 best solution, best possible 1139.6732 (180.24 seconds)
Cbc0010I After 1535 nodes, 136 on tree, 1257.0506 best solution, best possible 1139.6732 (181.22 seconds)
Cbc0010I After 1541 nodes, 139 on tree, 1257.0506 best solution, best possible 1139.6732 (181.94 seconds)
Cbc0010I After 1550 nodes, 139 on tree, 1257.0506 best solution, best possible 1139.6732 (182.68 seconds)
Cbc0010I After 1559 nodes, 140 on tree, 1257.0506 best solution, best possible 1139.6732 (183.45 seconds)
Cbc0010I After 1569 nodes, 136 on tree, 1257.0506 best solution, best possible 1139.6732 (184.39 seconds)
Cbc0010I After 1578 nodes, 135 on tree, 1257.0506 best solution, best possible 1139.6732 (185.09 seconds)
Cbc0010I After 1583 nodes, 139 on tree, 1257.0506 best solution, best possible 1139.6732 (185.80 seconds)
Cbc0010I After 1590 nodes, 140 on tree, 1257.0506 best solution, best possible 1139.6732 (186.59 seconds)
Cbc0010I After 1595 nodes, 142 on tree, 1257.0506 best solution, best possible 1139.6732 (187.42 seconds)
Cbc0010I After 1605 nodes, 140 on tree, 1257.0506 best solution, best possible 1139.6732 (188.24 seconds)
Cbc0010I After 1610 nodes, 141 on tree, 1257.0506 best solution, best possible 1139.6732 (189.00 seconds)
Cbc0010I After 1615 nodes, 143 on tree, 1257.0506 best solution, best possible 1139.6732 (189.76 seconds)
Cbc0010I After 1619 nodes, 144 on tree, 1257.0506 best solution, best possible 1139.6732 (190.61 seconds)
Cbc0010I After 1623 nodes, 143 on tree, 1257.0506 best solution, best possible 1139.6732 (191.38 seconds)
Cbc0010I After 1628 nodes, 147 on tree, 1257.0506 best solution, best possible 1139.6732 (192.11 seconds)
Cbc0010I After 1633 nodes, 149 on tree, 1257.0506 best solution, best possible 1139.6732 (193.00 seconds)
Cbc0010I After 1639 nodes, 151 on tree, 1257.0506 best solution, best possible 1139.6732 (193.73 seconds)
Cbc0010I After 1648 nodes, 153 on tree, 1257.0506 best solution, best possible 1139.6732 (194.48 seconds)
Cbc0010I After 1653 nodes, 155 on tree, 1257.0506 best solution, best possible 1139.6732 (195.40 seconds)
Cbc0010I After 1661 nodes, 160 on tree, 1257.0506 best solution, best possible 1139.6732 (196.18 seconds)
Cbc0010I After 1664 nodes, 161 on tree, 1257.0506 best solution, best possible 1139.6732 (197.00 seconds)
Cbc0010I After 1668 nodes, 162 on tree, 1257.0506 best solution, best possible 1139.6732 (197.70 seconds)
Cbc0010I After 1672 nodes, 164 on tree, 1257.0506 best solution, best possible 1139.6732 (198.48 seconds)
Cbc0010I After 1677 nodes, 167 on tree, 1257.0506 best solution, best possible 1139.6732 (199.23 seconds)
Cbc0010I After 1692 nodes, 163 on tree, 1257.0506 best solution, best possible 1139.6732 (199.99 seconds)
Cbc0010I After 1695 nodes, 165 on tree, 1257.0506 best solution, best possible 1139.6732 (200.69 seconds)
Cbc0010I After 1699 nodes, 166 on tree, 1257.0506 best solution, best possible 1139.6732 (201.57 seconds)
Cbc0010I After 1703 nodes, 167 on tree, 1257.0506 best solution, best possible 1139.6732 (202.33 seconds)
Cbc0010I After 1713 nodes, 165 on tree, 1257.0506 best solution, best possible 1139.6732 (203.05 seconds)
Cbc0010I After 1719 nodes, 168 on tree, 1257.0506 best solution, best possible 1139.6732 (203.82 seconds)
Cbc0010I After 1728 nodes, 174 on tree, 1257.0506 best solution, best possible 1139.6732 (204.55 seconds)
Cbc0010I After 1740 nodes, 179 on tree, 1257.0506 best solution, best possible 1139.6732 (205.27 seconds)
Cbc0010I After 1753 nodes, 178 on tree, 1257.0506 best solution, best possible 1139.6732 (206.06 seconds)
Cbc0010I After 1773 nodes, 176 on tree, 1257.0506 best solution, best possible 1139.6732 (206.76 seconds)
Cbc0004I Integer solution of 1254.3305 found after 253760 iterations and 1777 nodes (207.15 seconds)
Cbc0010I After 1785 nodes, 172 on tree, 1254.3305 best solution, best possible 1139.6732 (207.47 seconds)
Cbc0010I After 1801 nodes, 172 on tree, 1254.3305 best solution, best possible 1139.6732 (208.18 seconds)
Cbc0010I After 1806 nodes, 174 on tree, 1254.3305 best solution, best possible 1139.6732 (209.15 seconds)
Cbc0010I After 1809 nodes, 175 on tree, 1254.3305 best solution, best possible 1139.6732 (210.03 seconds)
Cbc0010I After 1814 nodes, 176 on tree, 1254.3305 best solution, best possible 1139.6732 (210.89 seconds)
Cbc0010I After 1818 nodes, 178 on tree, 1254.3305 best solution, best possible 1139.6732 (211.66 seconds)
Cbc0010I After 1824 nodes, 177 on tree, 1254.3305 best solution, best possible 1139.6732 (212.37 seconds)
Cbc0010I After 1831 nodes, 177 on tree, 1254.3305 best solution, best possible 1139.6732 (213.16 seconds)
Cbc0010I After 1838 nodes, 180 on tree, 1254.3305 best solution, best possible 1139.6732 (213.92 seconds)
Cbc0010I After 1846 nodes, 182 on tree, 1254.3305 best solution, best possible 1139.6732 (214.78 seconds)
Cbc0010I After 1851 nodes, 183 on tree, 1254.3305 best solution, best possible 1139.6732 (215.79 seconds)
Cbc0010I After 1855 nodes, 186 on tree, 1254.3305 best solution, best possible 1139.6732 (216.84 seconds)
Cbc0010I After 1860 nodes, 187 on tree, 1254.3305 best solution, best possible 1139.6732 (217.57 seconds)
Cbc0010I After 1866 nodes, 191 on tree, 1254.3305 best solution, best possible 1139.6732 (218.30 seconds)
Cbc0010I After 1880 nodes, 189 on tree, 1254.3305 best solution, best possible 1139.6732 (219.08 seconds)
Cbc0010I After 1890 nodes, 190 on tree, 1254.3305 best solution, best possible 1139.6732 (219.79 seconds)
Cbc0010I After 1894 nodes, 192 on tree, 1254.3305 best solution, best possible 1139.6732 (220.65 seconds)
Cbc0010I After 1902 nodes, 195 on tree, 1254.3305 best solution, best possible 1139.6732 (221.43 seconds)
Cbc0010I After 1918 nodes, 197 on tree, 1254.3305 best solution, best possible 1139.6732 (222.13 seconds)
Cbc0010I After 1932 nodes, 198 on tree, 1254.3305 best solution, best possible 1139.6732 (222.85 seconds)
Cbc0010I After 1949 nodes, 201 on tree, 1254.3305 best solution, best possible 1139.6732 (223.62 seconds)
Cbc0010I After 1962 nodes, 201 on tree, 1254.3305 best solution, best possible 1139.6732 (224.35 seconds)
Cbc0010I After 1970 nodes, 200 on tree, 1254.3305 best solution, best possible 1139.6732 (225.08 seconds)
Cbc0010I After 1986 nodes, 200 on tree, 1254.3305 best solution, best possible 1139.6732 (225.89 seconds)
Cbc0010I After 1998 nodes, 199 on tree, 1254.3305 best solution, best possible 1139.6732 (226.75 seconds)
Cbc0010I After 2003 nodes, 201 on tree, 1254.3305 best solution, best possible 1139.6732 (227.61 seconds)
Cbc0010I After 2009 nodes, 202 on tree, 1254.3305 best solution, best possible 1139.6732 (228.33 seconds)
Cbc0010I After 2021 nodes, 200 on tree, 1254.3305 best solution, best possible 1139.6732 (229.11 seconds)
Cbc0010I After 2025 nodes, 202 on tree, 1254.3305 best solution, best possible 1139.6732 (229.95 seconds)
Cbc0010I After 2028 nodes, 204 on tree, 1254.3305 best solution, best possible 1139.6732 (230.68 seconds)
Cbc0010I After 2033 nodes, 206 on tree, 1254.3305 best solution, best possible 1139.6732 (231.61 seconds)
Cbc0010I After 2037 nodes, 207 on tree, 1254.3305 best solution, best possible 1139.6732 (232.64 seconds)
Cbc0010I After 2044 nodes, 208 on tree, 1254.3305 best solution, best possible 1139.6732 (233.55 seconds)
Cbc0010I After 2050 nodes, 210 on tree, 1254.3305 best solution, best possible 1139.6732 (234.28 seconds)
Cbc0010I After 2054 nodes, 210 on tree, 1254.3305 best solution, best possible 1139.6732 (235.22 seconds)
Cbc0010I After 2056 nodes, 211 on tree, 1254.3305 best solution, best possible 1139.6732 (235.94 seconds)
Cbc0010I After 2067 nodes, 214 on tree, 1254.3305 best solution, best possible 1139.6732 (236.64 seconds)
Cbc0010I After 2081 nodes, 213 on tree, 1254.3305 best solution, best possible 1139.6732 (237.37 seconds)
Cbc0010I After 2084 nodes, 215 on tree, 1254.3305 best solution, best possible 1139.6732 (238.12 seconds)
Cbc0010I After 2094 nodes, 216 on tree, 1254.3305 best solution, best possible 1139.6732 (238.92 seconds)
Cbc0010I After 2107 nodes, 216 on tree, 1254.3305 best solution, best possible 1139.6732 (239.66 seconds)
Cbc0010I After 2113 nodes, 218 on tree, 1254.3305 best solution, best possible 1139.6732 (240.47 seconds)
Cbc0010I After 2121 nodes, 218 on tree, 1254.3305 best solution, best possible 1139.6732 (241.21 seconds)
Cbc0010I After 2128 nodes, 220 on tree, 1254.3305 best solution, best possible 1139.6732 (242.03 seconds)
Cbc0004I Integer solution of 1254.2621 found after 309656 iterations and 2129 nodes (242.43 seconds)
Cbc0010I After 2134 nodes, 218 on tree, 1254.2621 best solution, best possible 1139.6732 (242.84 seconds)
Cbc0010I After 2138 nodes, 221 on tree, 1254.2621 best solution, best possible 1139.6732 (243.62 seconds)
Cbc0010I After 2143 nodes, 221 on tree, 1254.2621 best solution, best possible 1139.6732 (244.33 seconds)
Cbc0010I After 2149 nodes, 223 on tree, 1254.2621 best solution, best possible 1139.6732 (245.07 seconds)
Cbc0010I After 2162 nodes, 220 on tree, 1254.2621 best solution, best possible 1139.6732 (245.78 seconds)
Cbc0010I After 2172 nodes, 220 on tree, 1254.2621 best solution, best possible 1139.6732 (246.49 seconds)
Cbc0010I After 2178 nodes, 222 on tree, 1254.2621 best solution, best possible 1139.6732 (247.22 seconds)
Cbc0010I After 2188 nodes, 220 on tree, 1254.2621 best solution, best possible 1139.6732 (248.00 seconds)
Cbc0010I After 2196 nodes, 221 on tree, 1254.2621 best solution, best possible 1139.6732 (248.94 seconds)
Cbc0010I After 2201 nodes, 223 on tree, 1254.2621 best solution, best possible 1139.6732 (249.67 seconds)
Cbc0010I After 2211 nodes, 225 on tree, 1254.2621 best solution, best possible 1139.6732 (250.50 seconds)
Cbc0010I After 2218 nodes, 227 on tree, 1254.2621 best solution, best possible 1139.6732 (251.31 seconds)
Cbc0010I After 2225 nodes, 226 on tree, 1254.2621 best solution, best possible 1139.6732 (252.03 seconds)
Cbc0010I After 2231 nodes, 226 on tree, 1254.2621 best solution, best possible 1139.6732 (252.74 seconds)
Cbc0010I After 2244 nodes, 224 on tree, 1254.2621 best solution, best possible 1139.6732 (253.47 seconds)
Cbc0010I After 2255 nodes, 230 on tree, 1254.2621 best solution, best possible 1139.6732 (254.22 seconds)
Cbc0010I After 2268 nodes, 232 on tree, 1254.2621 best solution, best possible 1139.6732 (254.94 seconds)
Cbc0010I After 2279 nodes, 233 on tree, 1254.2621 best solution, best possible 1139.6732 (255.65 seconds)
Cbc0004I Integer solution of 1244.5188 found after 330632 iterations and 2287 nodes (256.38 seconds)
Cbc0010I After 2287 nodes, 158 on tree, 1244.5188 best solution, best possible 1139.6732 (256.39 seconds)
Cbc0010I After 2306 nodes, 152 on tree, 1244.5188 best solution, best possible 1139.6732 (257.10 seconds)
Cbc0010I After 2311 nodes, 153 on tree, 1244.5188 best solution, best possible 1139.6732 (258.11 seconds)
Cbc0010I After 2321 nodes, 153 on tree, 1244.5188 best solution, best possible 1139.6732 (258.95 seconds)
Cbc0010I After 2327 nodes, 156 on tree, 1244.5188 best solution, best possible 1139.6732 (259.81 seconds)
Cbc0010I After 2334 nodes, 158 on tree, 1244.5188 best solution, best possible 1139.6732 (260.91 seconds)
Cbc0010I After 2340 nodes, 159 on tree, 1244.5188 best solution, best possible 1139.6732 (261.70 seconds)
Cbc0010I After 2346 nodes, 162 on tree, 1244.5188 best solution, best possible 1139.6732 (262.45 seconds)
Cbc0010I After 2352 nodes, 164 on tree, 1244.5188 best solution, best possible 1139.6732 (263.30 seconds)
Cbc0010I After 2362 nodes, 163 on tree, 1244.5188 best solution, best possible 1139.6732 (264.14 seconds)
Cbc0010I After 2370 nodes, 162 on tree, 1244.5188 best solution, best possible 1139.6732 (264.85 seconds)
Cbc0010I After 2379 nodes, 165 on tree, 1244.5188 best solution, best possible 1139.6732 (265.63 seconds)
Cbc0010I After 2398 nodes, 162 on tree, 1244.5188 best solution, best possible 1139.6732 (266.35 seconds)
Cbc0010I After 2405 nodes, 163 on tree, 1244.5188 best solution, best possible 1139.6732 (267.26 seconds)
Cbc0010I After 2411 nodes, 167 on tree, 1244.5188 best solution, best possible 1139.6732 (268.00 seconds)
Cbc0010I After 2417 nodes, 171 on tree, 1244.5188 best solution, best possible 1139.6732 (268.79 seconds)
Cbc0010I After 2429 nodes, 166 on tree, 1244.5188 best solution, best possible 1139.6732 (269.55 seconds)
Cbc0010I After 2442 nodes, 167 on tree, 1244.5188 best solution, best possible 1139.6732 (270.49 seconds)
Cbc0010I After 2448 nodes, 169 on tree, 1244.5188 best solution, best possible 1139.6732 (271.28 seconds)
Cbc0010I After 2458 nodes, 171 on tree, 1244.5188 best solution, best possible 1139.6732 (272.29 seconds)
Cbc0010I After 2467 nodes, 171 on tree, 1244.5188 best solution, best possible 1139.6732 (273.06 seconds)
Cbc0010I After 2475 nodes, 172 on tree, 1244.5188 best solution, best possible 1139.6732 (273.78 seconds)
Cbc0010I After 2478 nodes, 173 on tree, 1244.5188 best solution, best possible 1139.6732 (274.54 seconds)
Cbc0010I After 2486 nodes, 173 on tree, 1244.5188 best solution, best possible 1139.6732 (275.41 seconds)
Cbc0010I After 2500 nodes, 172 on tree, 1244.5188 best solution, best possible 1139.6732 (276.11 seconds)
Cbc0010I After 2505 nodes, 174 on tree, 1244.5188 best solution, best possible 1139.6732 (276.86 seconds)
Cbc0010I After 2515 nodes, 177 on tree, 1244.5188 best solution, best possible 1139.6732 (277.65 seconds)
Cbc0010I After 2519 nodes, 179 on tree, 1244.5188 best solution, best possible 1139.6732 (278.38 seconds)
Cbc0010I After 2526 nodes, 179 on tree, 1244.5188 best solution, best possible 1139.6732 (279.16 seconds)
Cbc0010I After 2539 nodes, 176 on tree, 1244.5188 best solution, best possible 1139.6732 (279.93 seconds)
Cbc0010I After 2543 nodes, 179 on tree, 1244.5188 best solution, best possible 1139.6732 (280.73 seconds)
Cbc0010I After 2546 nodes, 180 on tree, 1244.5188 best solution, best possible 1139.6732 (281.59 seconds)
Cbc0010I After 2550 nodes, 182 on tree, 1244.5188 best solution, best possible 1139.6732 (282.45 seconds)
Cbc0010I After 2553 nodes, 185 on tree, 1244.5188 best solution, best possible 1139.6732 (283.24 seconds)
Cbc0010I After 2556 nodes, 187 on tree, 1244.5188 best solution, best possible 1139.6732 (284.04 seconds)
Cbc0010I After 2559 nodes, 186 on tree, 1244.5188 best solution, best possible 1139.6732 (284.77 seconds)
Cbc0010I After 2571 nodes, 184 on tree, 1244.5188 best solution, best possible 1139.6732 (285.48 seconds)
Cbc0010I After 2583 nodes, 187 on tree, 1244.5188 best solution, best possible 1139.6732 (286.20 seconds)
Cbc0010I After 2591 nodes, 187 on tree, 1244.5188 best solution, best possible 1139.6732 (286.91 seconds)
Cbc0010I After 2604 nodes, 186 on tree, 1244.5188 best solution, best possible 1139.6732 (287.77 seconds)
Cbc0010I After 2615 nodes, 187 on tree, 1244.5188 best solution, best possible 1139.6732 (288.49 seconds)
Cbc0010I After 2624 nodes, 189 on tree, 1244.5188 best solution, best possible 1139.6732 (289.23 seconds)
Cbc0010I After 2639 nodes, 184 on tree, 1244.5188 best solution, best possible 1139.6732 (289.94 seconds)
Cbc0010I After 2653 nodes, 181 on tree, 1244.5188 best solution, best possible 1139.6732 (290.65 seconds)
Cbc0010I After 2660 nodes, 183 on tree, 1244.5188 best solution, best possible 1139.6732 (291.48 seconds)
Cbc0010I After 2674 nodes, 182 on tree, 1244.5188 best solution, best possible 1139.6732 (292.27 seconds)
Cbc0010I After 2692 nodes, 179 on tree, 1244.5188 best solution, best possible 1139.6732 (292.97 seconds)
Cbc0010I After 2711 nodes, 173 on tree, 1244.5188 best solution, best possible 1139.6732 (293.77 seconds)
Cbc0010I After 2718 nodes, 177 on tree, 1244.5188 best solution, best possible 1139.6732 (294.62 seconds)
Cbc0010I After 2728 nodes, 174 on tree, 1244.5188 best solution, best possible 1139.6732 (295.33 seconds)
Cbc0010I After 2747 nodes, 169 on tree, 1244.5188 best solution, best possible 1139.6732 (296.04 seconds)
Cbc0010I After 2758 nodes, 170 on tree, 1244.5188 best solution, best possible 1139.6732 (296.92 seconds)
Cbc0010I After 2774 nodes, 168 on tree, 1244.5188 best solution, best possible 1139.6732 (297.68 seconds)
Cbc0010I After 2783 nodes, 170 on tree, 1244.5188 best solution, best possible 1139.6732 (298.43 seconds)
Cbc0010I After 2797 nodes, 168 on tree, 1244.5188 best solution, best possible 1139.6732 (299.16 seconds)
Cbc0010I After 2808 nodes, 165 on tree, 1244.5188 best solution, best possible 1139.6732 (299.87 seconds)
Cbc0010I After 2816 nodes, 167 on tree, 1244.5188 best solution, best possible 1139.6732 (300.71 seconds)
Cbc0010I After 2826 nodes, 165 on tree, 1244.5188 best solution, best possible 1139.6732 (301.50 seconds)
Cbc0010I After 2836 nodes, 163 on tree, 1244.5188 best solution, best possible 1139.6732 (302.32 seconds)
Cbc0010I After 2850 nodes, 160 on tree, 1244.5188 best solution, best possible 1139.6732 (303.14 seconds)
Cbc0010I After 2854 nodes, 162 on tree, 1244.5188 best solution, best possible 1139.6732 (303.90 seconds)
Cbc0010I After 2868 nodes, 161 on tree, 1244.5188 best solution, best possible 1139.6732 (304.72 seconds)
Cbc0010I After 2880 nodes, 157 on tree, 1244.5188 best solution, best possible 1139.6732 (305.53 seconds)
Cbc0010I After 2888 nodes, 157 on tree, 1244.5188 best solution, best possible 1139.6732 (306.32 seconds)
Cbc0010I After 2901 nodes, 158 on tree, 1244.5188 best solution, best possible 1139.6732 (307.33 seconds)
Cbc0010I After 2905 nodes, 160 on tree, 1244.5188 best solution, best possible 1139.6732 (308.08 seconds)
Cbc0010I After 2909 nodes, 164 on tree, 1244.5188 best solution, best possible 1139.6732 (308.80 seconds)
Cbc0010I After 2918 nodes, 160 on tree, 1244.5188 best solution, best possible 1139.6732 (309.68 seconds)
Cbc0010I After 2924 nodes, 162 on tree, 1244.5188 best solution, best possible 1139.6732 (310.39 seconds)
Cbc0010I After 2931 nodes, 160 on tree, 1244.5188 best solution, best possible 1139.6732 (311.31 seconds)
Cbc0010I After 2944 nodes, 158 on tree, 1244.5188 best solution, best possible 1139.6732 (312.03 seconds)
Cbc0010I After 2959 nodes, 157 on tree, 1244.5188 best solution, best possible 1139.6732 (312.76 seconds)
Cbc0010I After 2964 nodes, 157 on tree, 1244.5188 best solution, best possible 1139.6732 (313.60 seconds)
Cbc0010I After 2970 nodes, 157 on tree, 1244.5188 best solution, best possible 1139.6732 (314.33 seconds)
Cbc0010I After 2978 nodes, 159 on tree, 1244.5188 best solution, best possible 1139.6732 (315.04 seconds)
Cbc0010I After 2995 nodes, 152 on tree, 1244.5188 best solution, best possible 1139.6732 (315.83 seconds)
Cbc0010I After 3007 nodes, 148 on tree, 1244.5188 best solution, best possible 1139.6732 (316.53 seconds)
Cbc0010I After 3015 nodes, 147 on tree, 1244.5188 best solution, best possible 1139.6732 (317.43 seconds)
Cbc0010I After 3025 nodes, 147 on tree, 1244.5188 best solution, best possible 1139.6732 (318.35 seconds)
Cbc0010I After 3031 nodes, 152 on tree, 1244.5188 best solution, best possible 1139.6732 (319.08 seconds)
Cbc0010I After 3037 nodes, 155 on tree, 1244.5188 best solution, best possible 1139.6732 (319.86 seconds)
Cbc0010I After 3044 nodes, 156 on tree, 1244.5188 best solution, best possible 1139.6732 (320.59 seconds)
Cbc0010I After 3048 nodes, 157 on tree, 1244.5188 best solution, best possible 1139.6732 (321.34 seconds)
Cbc0010I After 3057 nodes, 158 on tree, 1244.5188 best solution, best possible 1139.6732 (322.07 seconds)
Cbc0010I After 3066 nodes, 161 on tree, 1244.5188 best solution, best possible 1139.6732 (322.86 seconds)
Cbc0010I After 3076 nodes, 159 on tree, 1244.5188 best solution, best possible 1139.6732 (323.62 seconds)
Cbc0010I After 3085 nodes, 159 on tree, 1244.5188 best solution, best possible 1139.6732 (324.44 seconds)
Cbc0010I After 3094 nodes, 161 on tree, 1244.5188 best solution, best possible 1139.6732 (325.15 seconds)
Cbc0010I After 3106 nodes, 160 on tree, 1244.5188 best solution, best possible 1139.6732 (325.96 seconds)
Cbc0010I After 3116 nodes, 161 on tree, 1244.5188 best solution, best possible 1139.6732 (326.77 seconds)
Cbc0010I After 3125 nodes, 163 on tree, 1244.5188 best solution, best possible 1139.6732 (327.49 seconds)
Cbc0010I After 3135 nodes, 161 on tree, 1244.5188 best solution, best possible 1139.6732 (328.23 seconds)
Cbc0010I After 3143 nodes, 162 on tree, 1244.5188 best solution, best possible 1139.6732 (328.95 seconds)
Cbc0010I After 3155 nodes, 161 on tree, 1244.5188 best solution, best possible 1139.6732 (329.70 seconds)
Cbc0010I After 3163 nodes, 159 on tree, 1244.5188 best solution, best possible 1139.6732 (330.43 seconds)
Cbc0010I After 3174 nodes, 158 on tree, 1244.5188 best solution, best possible 1139.6732 (331.18 seconds)
Cbc0010I After 3180 nodes, 160 on tree, 1244.5188 best solution, best possible 1139.6732 (331.94 seconds)
Cbc0010I After 3190 nodes, 164 on tree, 1244.5188 best solution, best possible 1139.6732 (332.71 seconds)
Cbc0010I After 3207 nodes, 165 on tree, 1244.5188 best solution, best possible 1139.6732 (333.44 seconds)
Cbc0010I After 3222 nodes, 164 on tree, 1244.5188 best solution, best possible 1139.6732 (334.21 seconds)
Cbc0010I After 3238 nodes, 164 on tree, 1244.5188 best solution, best possible 1139.6732 (334.98 seconds)
Cbc0010I After 3255 nodes, 162 on tree, 1244.5188 best solution, best possible 1139.6732 (335.76 seconds)
Cbc0010I After 3259 nodes, 164 on tree, 1244.5188 best solution, best possible 1139.6732 (336.50 seconds)
Cbc0010I After 3269 nodes, 169 on tree, 1244.5188 best solution, best possible 1139.6732 (337.26 seconds)
Cbc0010I After 3275 nodes, 173 on tree, 1244.5188 best solution, best possible 1139.6732 (338.06 seconds)
Cbc0010I After 3285 nodes, 171 on tree, 1244.5188 best solution, best possible 1139.6732 (338.91 seconds)
Cbc0010I After 3296 nodes, 170 on tree, 1244.5188 best solution, best possible 1139.6732 (339.75 seconds)
Cbc0010I After 3306 nodes, 171 on tree, 1244.5188 best solution, best possible 1139.6732 (340.47 seconds)
Cbc0010I After 3315 nodes, 173 on tree, 1244.5188 best solution, best possible 1139.6732 (341.25 seconds)
Cbc0010I After 3325 nodes, 171 on tree, 1244.5188 best solution, best possible 1139.6732 (341.98 seconds)
Cbc0010I After 3336 nodes, 172 on tree, 1244.5188 best solution, best possible 1139.6732 (342.68 seconds)
Cbc0010I After 3340 nodes, 173 on tree, 1244.5188 best solution, best possible 1139.6732 (343.40 seconds)
Cbc0004I Integer solution of 1243.6167 found after 449818 iterations and 3343 nodes (343.76 seconds)
Cbc0010I After 3346 nodes, 158 on tree, 1243.6167 best solution, best possible 1139.6732 (344.12 seconds)
Cbc0010I After 3357 nodes, 156 on tree, 1243.6167 best solution, best possible 1139.6732 (345.10 seconds)
Cbc0010I After 3360 nodes, 158 on tree, 1243.6167 best solution, best possible 1139.6732 (345.85 seconds)
Cbc0010I After 3369 nodes, 159 on tree, 1243.6167 best solution, best possible 1139.6732 (346.61 seconds)
Cbc0010I After 3379 nodes, 157 on tree, 1243.6167 best solution, best possible 1139.6732 (347.41 seconds)
Cbc0010I After 3387 nodes, 157 on tree, 1243.6167 best solution, best possible 1139.6732 (348.17 seconds)
Cbc0010I After 3401 nodes, 155 on tree, 1243.6167 best solution, best possible 1139.6732 (349.16 seconds)
Cbc0010I After 3407 nodes, 156 on tree, 1243.6167 best solution, best possible 1139.6732 (349.97 seconds)
Cbc0010I After 3415 nodes, 158 on tree, 1243.6167 best solution, best possible 1139.6732 (350.74 seconds)
Cbc0010I After 3422 nodes, 159 on tree, 1243.6167 best solution, best possible 1139.6732 (351.49 seconds)
Cbc0010I After 3432 nodes, 160 on tree, 1243.6167 best solution, best possible 1139.6732 (352.22 seconds)
Cbc0010I After 3443 nodes, 157 on tree, 1243.6167 best solution, best possible 1139.6732 (353.00 seconds)
Cbc0010I After 3455 nodes, 156 on tree, 1243.6167 best solution, best possible 1139.6732 (353.86 seconds)
Cbc0010I After 3467 nodes, 155 on tree, 1243.6167 best solution, best possible 1139.6732 (354.58 seconds)
Cbc0010I After 3477 nodes, 154 on tree, 1243.6167 best solution, best possible 1139.6732 (355.38 seconds)
Cbc0010I After 3485 nodes, 155 on tree, 1243.6167 best solution, best possible 1139.6732 (356.13 seconds)
Cbc0010I After 3498 nodes, 152 on tree, 1243.6167 best solution, best possible 1139.6732 (356.91 seconds)
Cbc0010I After 3509 nodes, 151 on tree, 1243.6167 best solution, best possible 1139.6732 (357.63 seconds)
Cbc0010I After 3516 nodes, 153 on tree, 1243.6167 best solution, best possible 1139.6732 (358.36 seconds)
Cbc0010I After 3523 nodes, 156 on tree, 1243.6167 best solution, best possible 1139.6732 (359.10 seconds)
Cbc0010I After 3535 nodes, 156 on tree, 1243.6167 best solution, best possible 1139.6732 (359.83 seconds)
Cbc0010I After 3548 nodes, 153 on tree, 1243.6167 best solution, best possible 1139.6732 (360.57 seconds)
Cbc0010I After 3564 nodes, 150 on tree, 1243.6167 best solution, best possible 1139.6732 (361.27 seconds)
Cbc0010I After 3574 nodes, 154 on tree, 1243.6167 best solution, best possible 1139.6732 (362.05 seconds)
Cbc0010I After 3584 nodes, 155 on tree, 1243.6167 best solution, best possible 1139.6732 (362.76 seconds)
Cbc0010I After 3593 nodes, 158 on tree, 1243.6167 best solution, best possible 1139.6732 (363.50 seconds)
Cbc0010I After 3608 nodes, 154 on tree, 1243.6167 best solution, best possible 1139.6732 (364.20 seconds)
Cbc0010I After 3617 nodes, 152 on tree, 1243.6167 best solution, best possible 1139.6732 (364.96 seconds)
Cbc0010I After 3626 nodes, 155 on tree, 1243.6167 best solution, best possible 1139.6732 (365.71 seconds)
Cbc0010I After 3637 nodes, 155 on tree, 1243.6167 best solution, best possible 1139.6732 (366.44 seconds)
Cbc0010I After 3651 nodes, 153 on tree, 1243.6167 best solution, best possible 1139.6732 (367.28 seconds)
Cbc0010I After 3658 nodes, 154 on tree, 1243.6167 best solution, best possible 1139.6732 (368.03 seconds)
Cbc0010I After 3667 nodes, 157 on tree, 1243.6167 best solution, best possible 1139.6732 (368.79 seconds)
Cbc0010I After 3679 nodes, 152 on tree, 1243.6167 best solution, best possible 1139.6732 (369.52 seconds)
Cbc0010I After 3690 nodes, 149 on tree, 1243.6167 best solution, best possible 1139.6732 (370.30 seconds)
Cbc0010I After 3704 nodes, 146 on tree, 1243.6167 best solution, best possible 1139.6732 (371.05 seconds)
Cbc0010I After 3718 nodes, 145 on tree, 1243.6167 best solution, best possible 1139.6732 (371.85 seconds)
Cbc0010I After 3732 nodes, 139 on tree, 1243.6167 best solution, best possible 1139.6732 (372.57 seconds)
Cbc0010I After 3741 nodes, 138 on tree, 1243.6167 best solution, best possible 1139.6732 (373.46 seconds)
Cbc0010I After 3755 nodes, 135 on tree, 1243.6167 best solution, best possible 1139.6732 (374.26 seconds)
Cbc0010I After 3762 nodes, 137 on tree, 1243.6167 best solution, best possible 1139.6732 (375.06 seconds)
Cbc0010I After 3767 nodes, 138 on tree, 1243.6167 best solution, best possible 1139.6732 (375.78 seconds)
Cbc0010I After 3774 nodes, 140 on tree, 1243.6167 best solution, best possible 1139.6732 (376.49 seconds)
Cbc0010I After 3786 nodes, 139 on tree, 1243.6167 best solution, best possible 1139.6732 (377.25 seconds)
Cbc0010I After 3796 nodes, 137 on tree, 1243.6167 best solution, best possible 1139.6732 (378.03 seconds)
Cbc0010I After 3810 nodes, 136 on tree, 1243.6167 best solution, best possible 1139.6732 (378.74 seconds)
Cbc0010I After 3820 nodes, 134 on tree, 1243.6167 best solution, best possible 1139.6732 (379.46 seconds)
Cbc0010I After 3833 nodes, 129 on tree, 1243.6167 best solution, best possible 1139.6732 (380.25 seconds)
Cbc0010I After 3840 nodes, 129 on tree, 1243.6167 best solution, best possible 1139.6732 (381.07 seconds)
Cbc0010I After 3843 nodes, 131 on tree, 1243.6167 best solution, best possible 1139.6732 (382.17 seconds)
Cbc0010I After 3847 nodes, 133 on tree, 1243.6167 best solution, best possible 1139.6732 (382.94 seconds)
Cbc0010I After 3853 nodes, 132 on tree, 1243.6167 best solution, best possible 1139.6732 (384.19 seconds)
Cbc0010I After 3861 nodes, 132 on tree, 1243.6167 best solution, best possible 1139.6732 (384.90 seconds)
Cbc0010I After 3877 nodes, 126 on tree, 1243.6167 best solution, best possible 1139.6732 (385.60 seconds)
Cbc0010I After 3887 nodes, 125 on tree, 1243.6167 best solution, best possible 1139.6732 (386.32 seconds)
Cbc0010I After 3895 nodes, 127 on tree, 1243.6167 best solution, best possible 1139.6732 (387.10 seconds)
Cbc0010I After 3901 nodes, 132 on tree, 1243.6167 best solution, best possible 1139.6732 (387.86 seconds)
Cbc0010I After 3911 nodes, 132 on tree, 1243.6167 best solution, best possible 1139.6732 (388.56 seconds)
Cbc0010I After 3922 nodes, 133 on tree, 1243.6167 best solution, best possible 1139.6732 (389.29 seconds)
Cbc0010I After 3937 nodes, 129 on tree, 1243.6167 best solution, best possible 1139.6732 (390.02 seconds)
Cbc0010I After 3946 nodes, 127 on tree, 1243.6167 best solution, best possible 1139.6732 (390.75 seconds)
Cbc0010I After 3958 nodes, 125 on tree, 1243.6167 best solution, best possible 1139.6732 (391.46 seconds)
Cbc0010I After 3966 nodes, 124 on tree, 1243.6167 best solution, best possible 1139.6732 (392.36 seconds)
Cbc0010I After 3975 nodes, 120 on tree, 1243.6167 best solution, best possible 1139.6732 (393.07 seconds)
Cbc0010I After 3986 nodes, 117 on tree, 1243.6167 best solution, best possible 1139.6732 (393.78 seconds)
Cbc0010I After 4000 nodes, 113 on tree, 1243.6167 best solution, best possible 1139.6732 (394.57 seconds)
Cbc0010I After 4011 nodes, 111 on tree, 1243.6167 best solution, best possible 1139.6732 (395.30 seconds)
Cbc0010I After 4016 nodes, 112 on tree, 1243.6167 best solution, best possible 1139.6732 (396.07 seconds)
Cbc0010I After 4024 nodes, 112 on tree, 1243.6167 best solution, best possible 1139.6732 (396.78 seconds)
Cbc0010I After 4033 nodes, 111 on tree, 1243.6167 best solution, best possible 1139.6732 (397.56 seconds)
Cbc0010I After 4044 nodes, 109 on tree, 1243.6167 best solution, best possible 1139.6732 (398.28 seconds)
Cbc0010I After 4054 nodes, 108 on tree, 1243.6167 best solution, best possible 1139.6732 (399.08 seconds)
Cbc0010I After 4061 nodes, 109 on tree, 1243.6167 best solution, best possible 1139.6732 (399.80 seconds)
Cbc0010I After 4069 nodes, 108 on tree, 1243.6167 best solution, best possible 1139.6732 (400.51 seconds)
Cbc0010I After 4077 nodes, 108 on tree, 1243.6167 best solution, best possible 1139.6732 (401.21 seconds)
Cbc0010I After 4082 nodes, 107 on tree, 1243.6167 best solution, best possible 1139.6732 (402.41 seconds)
Cbc0010I After 4093 nodes, 105 on tree, 1243.6167 best solution, best possible 1139.6732 (403.14 seconds)
Cbc0010I After 4101 nodes, 105 on tree, 1243.6167 best solution, best possible 1139.6732 (403.98 seconds)
Cbc0010I After 4118 nodes, 100 on tree, 1243.6167 best solution, best possible 1139.6732 (404.80 seconds)
Cbc0010I After 4131 nodes, 95 on tree, 1243.6167 best solution, best possible 1139.6732 (405.55 seconds)
Cbc0010I After 4143 nodes, 92 on tree, 1243.6167 best solution, best possible 1139.6732 (406.31 seconds)
Cbc0010I After 4151 nodes, 95 on tree, 1243.6167 best solution, best possible 1139.6732 (407.02 seconds)
Cbc0010I After 4163 nodes, 92 on tree, 1243.6167 best solution, best possible 1139.6732 (407.77 seconds)
Cbc0010I After 4179 nodes, 86 on tree, 1243.6167 best solution, best possible 1139.6732 (408.48 seconds)
Cbc0010I After 4196 nodes, 82 on tree, 1243.6167 best solution, best possible 1139.6732 (409.20 seconds)
Cbc0010I After 4206 nodes, 79 on tree, 1243.6167 best solution, best possible 1139.6732 (409.91 seconds)
Cbc0010I After 4223 nodes, 74 on tree, 1243.6167 best solution, best possible 1139.6732 (410.61 seconds)
Cbc0010I After 4234 nodes, 75 on tree, 1243.6167 best solution, best possible 1139.6732 (411.54 seconds)
Cbc0010I After 4254 nodes, 66 on tree, 1243.6167 best solution, best possible 1139.6732 (412.33 seconds)
Cbc0010I After 4270 nodes, 61 on tree, 1243.6167 best solution, best possible 1139.6732 (413.12 seconds)
Cbc0010I After 4281 nodes, 58 on tree, 1243.6167 best solution, best possible 1139.6732 (413.82 seconds)
Cbc0010I After 4296 nodes, 55 on tree, 1243.6167 best solution, best possible 1139.6732 (414.61 seconds)
Cbc0010I After 4312 nodes, 51 on tree, 1243.6167 best solution, best possible 1139.6732 (415.33 seconds)
Cbc0010I After 4327 nodes, 46 on tree, 1243.6167 best solution, best possible 1139.6732 (416.03 seconds)
Cbc0010I After 4337 nodes, 47 on tree, 1243.6167 best solution, best possible 1139.6732 (416.80 seconds)
Cbc0010I After 4360 nodes, 37 on tree, 1243.6167 best solution, best possible 1139.6732 (417.60 seconds)
Cbc0010I After 4372 nodes, 35 on tree, 1243.6167 best solution, best possible 1139.6732 (418.47 seconds)
Cbc0010I After 4388 nodes, 29 on tree, 1243.6167 best solution, best possible 1139.6732 (419.25 seconds)
Cbc0010I After 4400 nodes, 26 on tree, 1243.6167 best solution, best possible 1139.6732 (420.01 seconds)
Cbc0010I After 4416 nodes, 18 on tree, 1243.6167 best solution, best possible 1139.6732 (420.76 seconds)
Cbc0010I After 4432 nodes, 11 on tree, 1243.6167 best solution, best possible 1139.6732 (421.48 seconds)
Cbc0010I After 4438 nodes, 12 on tree, 1243.6167 best solution, best possible 1139.6732 (422.19 seconds)
Cbc0010I After 4443 nodes, 13 on tree, 1243.6167 best solution, best possible 1139.6732 (423.02 seconds)
Cbc0010I After 4452 nodes, 11 on tree, 1243.6167 best solution, best possible 1139.6732 (423.73 seconds)
Cbc0010I After 4462 nodes, 12 on tree, 1243.6167 best solution, best possible 1139.6732 (424.43 seconds)
Cbc0010I After 4470 nodes, 14 on tree, 1243.6167 best solution, best possible 1139.6732 (425.13 seconds)
Cbc0010I After 4482 nodes, 14 on tree, 1243.6167 best solution, best possible 1139.6732 (425.88 seconds)
Cbc0010I After 4497 nodes, 11 on tree, 1243.6167 best solution, best possible 1139.6732 (426.70 seconds)
Cbc0010I After 4503 nodes, 14 on tree, 1243.6167 best solution, best possible 1139.6732 (427.58 seconds)
Cbc0010I After 4509 nodes, 15 on tree, 1243.6167 best solution, best possible 1139.6732 (428.28 seconds)
Cbc0010I After 4518 nodes, 16 on tree, 1243.6167 best solution, best possible 1139.6732 (428.99 seconds)
Cbc0010I After 4532 nodes, 12 on tree, 1243.6167 best solution, best possible 1139.6732 (429.77 seconds)
Cbc0010I After 4541 nodes, 12 on tree, 1243.6167 best solution, best possible 1139.6732 (430.48 seconds)
Cbc0010I After 4552 nodes, 9 on tree, 1243.6167 best solution, best possible 1139.6732 (431.34 seconds)
Cbc0010I After 4562 nodes, 8 on tree, 1243.6167 best solution, best possible 1139.6732 (432.09 seconds)
Cbc0010I After 4569 nodes, 12 on tree, 1243.6167 best solution, best possible 1139.6732 (432.85 seconds)
Cbc0010I After 4586 nodes, 8 on tree, 1243.6167 best solution, best possible 1139.6732 (433.64 seconds)
Cbc0010I After 4590 nodes, 11 on tree, 1243.6167 best solution, best possible 1139.6732 (434.39 seconds)
Cbc0010I After 4596 nodes, 13 on tree, 1243.6167 best solution, best possible 1139.6732 (435.12 seconds)
Cbc0010I After 4605 nodes, 15 on tree, 1243.6167 best solution, best possible 1139.6732 (435.94 seconds)
Cbc0010I After 4619 nodes, 12 on tree, 1243.6167 best solution, best possible 1139.6732 (436.64 seconds)
Cbc0010I After 4632 nodes, 9 on tree, 1243.6167 best solution, best possible 1139.6732 (437.35 seconds)
Cbc0010I After 4641 nodes, 8 on tree, 1243.6167 best solution, best possible 1139.6732 (438.15 seconds)
Cbc0010I After 4650 nodes, 9 on tree, 1243.6167 best solution, best possible 1139.6732 (438.85 seconds)
Cbc0010I After 4663 nodes, 9 on tree, 1243.6167 best solution, best possible 1139.6732 (439.61 seconds)
Cbc0010I After 4675 nodes, 5 on tree, 1243.6167 best solution, best possible 1139.6732 (440.35 seconds)
Cbc0010I After 4685 nodes, 6 on tree, 1243.6167 best solution, best possible 1139.6732 (441.13 seconds)
Cbc0010I After 4693 nodes, 7 on tree, 1243.6167 best solution, best possible 1139.6732 (441.99 seconds)
Cbc0010I After 4703 nodes, 7 on tree, 1243.6167 best solution, best possible 1139.6732 (442.86 seconds)
Cbc0010I After 4712 nodes, 6 on tree, 1243.6167 best solution, best possible 1139.6732 (443.66 seconds)
Cbc0010I After 4720 nodes, 8 on tree, 1243.6167 best solution, best possible 1139.6732 (444.37 seconds)
Cbc0010I After 4735 nodes, 3 on tree, 1243.6167 best solution, best possible 1139.6732 (445.13 seconds)
Cbc0010I After 4740 nodes, 8 on tree, 1243.6167 best solution, best possible 1139.6732 (446.02 seconds)
Cbc0010I After 4746 nodes, 11 on tree, 1243.6167 best solution, best possible 1139.6732 (446.79 seconds)
Cbc0010I After 4753 nodes, 11 on tree, 1243.6167 best solution, best possible 1139.6732 (447.53 seconds)
Cbc0010I After 4761 nodes, 11 on tree, 1243.6167 best solution, best possible 1139.6732 (448.34 seconds)
Cbc0010I After 4769 nodes, 10 on tree, 1243.6167 best solution, best possible 1139.6732 (449.26 seconds)
Cbc0010I After 4785 nodes, 5 on tree, 1243.6167 best solution, best possible 1139.6732 (450.10 seconds)
Cbc0010I After 4789 nodes, 6 on tree, 1243.6167 best solution, best possible 1139.6732 (450.85 seconds)
Cbc0010I After 4798 nodes, 3 on tree, 1243.6167 best solution, best possible 1139.6732 (451.55 seconds)
Cbc0010I After 4803 nodes, 6 on tree, 1243.6167 best solution, best possible 1139.6732 (452.30 seconds)
Cbc0010I After 4809 nodes, 9 on tree, 1243.6167 best solution, best possible 1139.6732 (453.00 seconds)
Cbc0010I After 4822 nodes, 11 on tree, 1243.6167 best solution, best possible 1139.6732 (453.79 seconds)
Cbc0010I After 4838 nodes, 5 on tree, 1243.6167 best solution, best possible 1139.6732 (454.63 seconds)
Cbc0010I After 4848 nodes, 2 on tree, 1243.6167 best solution, best possible 1139.6732 (455.41 seconds)
Cbc0010I After 4852 nodes, 6 on tree, 1243.6167 best solution, best possible 1139.6732 (456.12 seconds)
Cbc0010I After 4857 nodes, 9 on tree, 1243.6167 best solution, best possible 1139.6732 (456.84 seconds)
Cbc0010I After 4861 nodes, 11 on tree, 1243.6167 best solution, best possible 1139.6732 (457.56 seconds)
Cbc0010I After 4867 nodes, 14 on tree, 1243.6167 best solution, best possible 1139.6732 (458.37 seconds)
Cbc0010I After 4872 nodes, 18 on tree, 1243.6167 best solution, best possible 1139.6732 (459.07 seconds)
Cbc0010I After 4885 nodes, 13 on tree, 1243.6167 best solution, best possible 1139.6732 (459.78 seconds)
Cbc0010I After 4896 nodes, 11 on tree, 1243.6167 best solution, best possible 1139.6732 (460.66 seconds)
Cbc0010I After 4902 nodes, 12 on tree, 1243.6167 best solution, best possible 1139.6732 (461.37 seconds)
Cbc0010I After 4909 nodes, 15 on tree, 1243.6167 best solution, best possible 1139.6732 (462.17 seconds)
Cbc0010I After 4920 nodes, 13 on tree, 1243.6167 best solution, best possible 1139.6732 (462.91 seconds)
Cbc0010I After 4930 nodes, 12 on tree, 1243.6167 best solution, best possible 1139.6732 (463.66 seconds)
Cbc0010I After 4937 nodes, 12 on tree, 1243.6167 best solution, best possible 1139.6732 (464.38 seconds)
Cbc0010I After 4954 nodes, 10 on tree, 1243.6167 best solution, best possible 1139.6732 (465.20 seconds)
Cbc0010I After 4967 nodes, 6 on tree, 1243.6167 best solution, best possible 1139.6732 (466.02 seconds)
Cbc0010I After 4970 nodes, 8 on tree, 1243.6167 best solution, best possible 1139.6732 (466.84 seconds)
Cbc0010I After 4975 nodes, 10 on tree, 1243.6167 best solution, best possible 1139.6732 (467.63 seconds)
Cbc0010I After 4992 nodes, 4 on tree, 1243.6167 best solution, best possible 1139.6732 (468.34 seconds)
Cbc0010I After 5001 nodes, 3 on tree, 1243.6167 best solution, best possible 1139.6732 (469.05 seconds)
Cbc0010I After 5008 nodes, 4 on tree, 1243.6167 best solution, best possible 1139.6732 (469.77 seconds)
Cbc0010I After 5018 nodes, 2 on tree, 1243.6167 best solution, best possible 1139.6732 (470.59 seconds)
Cbc0010I After 5025 nodes, 5 on tree, 1243.6167 best solution, best possible 1180.9856 (471.38 seconds)
Cbc0010I After 5030 nodes, 10 on tree, 1243.6167 best solution, best possible 1180.9856 (472.13 seconds)
Cbc0010I After 5039 nodes, 9 on tree, 1243.6167 best solution, best possible 1180.9856 (472.85 seconds)
Cbc0010I After 5044 nodes, 8 on tree, 1243.6167 best solution, best possible 1180.9856 (473.57 seconds)
Cbc0010I After 5055 nodes, 5 on tree, 1243.6167 best solution, best possible 1180.9856 (474.28 seconds)
Cbc0010I After 5064 nodes, 4 on tree, 1243.6167 best solution, best possible 1180.9856 (475.25 seconds)
Cbc0010I After 5073 nodes, 1 on tree, 1243.6167 best solution, best possible 1193.5449 (476.04 seconds)
Cbc0010I After 5080 nodes, 8 on tree, 1243.6167 best solution, best possible 1193.5449 (476.78 seconds)
Cbc0004I Integer solution of 1243.5449 found after 621482 iterations and 5089 nodes (477.50 seconds)
Cbc0010I After 5089 nodes, 10 on tree, 1243.5449 best solution, best possible 1193.5449 (477.51 seconds)
Cbc0010I After 5102 nodes, 5 on tree, 1243.5449 best solution, bModell wird erstellt...
Suche Startlsung...
None
Suche optimale Lsung...
OptimizationStatus.OPTIMAL
C:\Users\Philip\Documents\programmieren\python\bwinf41-2\weniger-krumme-touren\beispiele\random\60\601.txt
Lsung gefunden!
est possible 1193.5449 (478.22 seconds)
Cbc0010I After 5114 nodes, 4 on tree, 1243.5449 best solution, best possible 1193.5449 (478.97 seconds)
Cbc0010I After 5128 nodes, 2 on tree, 1243.5449 best solution, best possible 1193.5449 (479.72 seconds)
Cbc0001I Search completed - best objective 1243.544935378226, took 624420 iterations and 5135 nodes (480.09 seconds)
Cbc0032I Strong branching done 18558 times (373507 iterations), fathomed 868 nodes and fixed 3302 variables
Cbc0035I Maximum depth 54, 605869 variables fixed on reduced cost
Total time (CPU seconds):       480.21   (Wallclock seconds):       480.21

